TRACE::2020-04-26.20:58:24::SCWBifWriter::Found the complete platform /home/wask/workspace/vitis/simple_perceptron/export/simple_perceptron/simple_perceptron.xpfm
TRACE::2020-04-26.20:58:24::SCWBifWriter::hardware databse : design_1_wrapper_9
TRACE::2020-04-26.20:58:24::SCWBifWriter::bitstream found in the design
TRACE::2020-04-26.20:58:24::SCWBifWriter::Found a baremetal domain, proc: ps7_cortexa9_0
TRACE::2020-04-26.20:58:24::SCWBifWriter::proc type : 
TRACE::2020-04-26.20:58:24::SCWBifWriter::proc[0] : ps7_cortexa9_0
TRACE::2020-04-26.20:58:24::SCWBifWriter::Device type is : zynq
TRACE::2020-04-26.20:58:24::SCWBifWriter::Writing BIF to file : /home/wask/workspace/vitis/simple_perceptron_sw_system/Debug/system.bif
TRACE::2020-04-26.20:58:24::SCWBifWriter::Writing the Zynq Baremetal bif 
TRACE::2020-04-26.21:01:34::SCWBifWriter::Found the complete platform /home/wask/workspace/vitis/simple_perceptron/export/simple_perceptron/simple_perceptron.xpfm
TRACE::2020-04-26.21:01:34::SCWBifWriter::hardware databse : design_1_wrapper_9
TRACE::2020-04-26.21:01:34::SCWBifWriter::bitstream found in the design
TRACE::2020-04-26.21:01:34::SCWBifWriter::Found a baremetal domain, proc: ps7_cortexa9_0
TRACE::2020-04-26.21:01:34::SCWBifWriter::proc type : 
TRACE::2020-04-26.21:01:34::SCWBifWriter::proc[0] : ps7_cortexa9_0
TRACE::2020-04-26.21:01:34::SCWBifWriter::Device type is : zynq
TRACE::2020-04-26.21:01:34::SCWBifWriter::Writing BIF to file : /home/wask/workspace/vitis/simple_perceptron_sw_system/Debug/system.bif
TRACE::2020-04-26.21:01:34::SCWBifWriter::Writing the Zynq Baremetal bif 
TRACE::2020-04-26.21:02:48::SCWBifWriter::Found the complete platform /home/wask/workspace/vitis/simple_perceptron/export/simple_perceptron/simple_perceptron.xpfm
TRACE::2020-04-26.21:02:48::SCWBifWriter::hardware databse : design_1_wrapper_9
TRACE::2020-04-26.21:02:48::SCWBifWriter::bitstream found in the design
TRACE::2020-04-26.21:02:48::SCWBifWriter::Found a baremetal domain, proc: ps7_cortexa9_0
TRACE::2020-04-26.21:02:48::SCWBifWriter::proc type : 
TRACE::2020-04-26.21:02:48::SCWBifWriter::proc[0] : ps7_cortexa9_0
TRACE::2020-04-26.21:02:48::SCWBifWriter::Device type is : zynq
TRACE::2020-04-26.21:02:48::SCWBifWriter::Writing BIF to file : /home/wask/workspace/vitis/simple_perceptron_sw_system/Debug/system.bif
TRACE::2020-04-26.21:02:48::SCWBifWriter::Writing the Zynq Baremetal bif 
TRACE::2020-04-26.21:05:17::SCWBifWriter::Found the complete platform /home/wask/workspace/vitis/simple_perceptron/export/simple_perceptron/simple_perceptron.xpfm
TRACE::2020-04-26.21:05:17::SCWBifWriter::hardware databse : design_1_wrapper_9
TRACE::2020-04-26.21:05:17::SCWBifWriter::bitstream found in the design
TRACE::2020-04-26.21:05:17::SCWBifWriter::Found a baremetal domain, proc: ps7_cortexa9_0
TRACE::2020-04-26.21:05:17::SCWBifWriter::proc type : 
TRACE::2020-04-26.21:05:17::SCWBifWriter::proc[0] : ps7_cortexa9_0
TRACE::2020-04-26.21:05:17::SCWBifWriter::Device type is : zynq
TRACE::2020-04-26.21:05:17::SCWBifWriter::Writing BIF to file : /home/wask/workspace/vitis/simple_perceptron_sw_system/Debug/system.bif
TRACE::2020-04-26.21:05:17::SCWBifWriter::Writing the Zynq Baremetal bif 
TRACE::2020-04-28.01:24:46::SCWBifWriter::Found the complete platform /home/wask/workspace/vitis/simple_perceptron/export/simple_perceptron/simple_perceptron.xpfm
TRACE::2020-04-28.01:24:47::SCWBifWriter::hardware databse : design_1_wrapper_3
TRACE::2020-04-28.01:24:47::SCWBifWriter::bitstream found in the design
TRACE::2020-04-28.01:24:47::SCWBifWriter::Found a baremetal domain, proc: ps7_cortexa9_0
TRACE::2020-04-28.01:24:47::SCWBifWriter::proc type : 
TRACE::2020-04-28.01:24:47::SCWBifWriter::proc[0] : ps7_cortexa9_0
TRACE::2020-04-28.01:24:47::SCWBifWriter::Device type is : zynq
TRACE::2020-04-28.01:24:47::SCWBifWriter::Writing BIF to file : /home/wask/workspace/vitis/simple_perceptron_sw_system/Debug/system.bif
TRACE::2020-04-28.01:24:47::SCWBifWriter::Writing the Zynq Baremetal bif 
TRACE::2020-04-30.23:05:32::SCWBifWriter::Found the complete platform /home/wask/workspace/vitis/simple_perceptron/export/simple_perceptron/simple_perceptron.xpfm
TRACE::2020-04-30.23:05:32::SCWBifWriter::hardware databse : design_1_wrapper_4
TRACE::2020-04-30.23:05:32::SCWBifWriter::bitstream found in the design
TRACE::2020-04-30.23:05:32::SCWBifWriter::Found a baremetal domain, proc: ps7_cortexa9_0
TRACE::2020-04-30.23:05:32::SCWBifWriter::proc type : 
TRACE::2020-04-30.23:05:32::SCWBifWriter::proc[0] : ps7_cortexa9_0
TRACE::2020-04-30.23:05:32::SCWBifWriter::Device type is : zynq
TRACE::2020-04-30.23:05:32::SCWBifWriter::Writing BIF to file : /home/wask/workspace/vitis/simple_perceptron_sw_system/Debug/system.bif
TRACE::2020-04-30.23:05:32::SCWBifWriter::Writing the Zynq Baremetal bif 
TRACE::2020-05-06.22:40:17::SCWBifWriter::Found the complete platform /home/wask/workspace/vitis/simple_perceptron/export/simple_perceptron/simple_perceptron.xpfm
TRACE::2020-05-06.22:40:17::SCWBifWriter::hardware databse : design_1_wrapper_10
TRACE::2020-05-06.22:40:17::SCWBifWriter::bitstream found in the design
TRACE::2020-05-06.22:40:17::SCWBifWriter::Found a baremetal domain, proc: ps7_cortexa9_0
TRACE::2020-05-06.22:40:17::SCWBifWriter::proc type : 
TRACE::2020-05-06.22:40:17::SCWBifWriter::proc[0] : ps7_cortexa9_0
TRACE::2020-05-06.22:40:17::SCWBifWriter::Device type is : zynq
TRACE::2020-05-06.22:40:17::SCWBifWriter::Writing BIF to file : /home/wask/workspace/vitis/simple_perceptron_sw_system/Debug/system.bif
TRACE::2020-05-06.22:40:17::SCWBifWriter::Writing the Zynq Baremetal bif 
TRACE::2020-06-13.16:00:57::SCWBifWriter::Found the complete platform /home/wask/workspace/vitis/simple_perceptron/export/simple_perceptron/simple_perceptron.xpfm
TRACE::2020-06-13.16:00:57::SCWBifWriter::hardware databse : design_1_wrapper_1
TRACE::2020-06-13.16:00:57::SCWBifWriter::bitstream found in the design
TRACE::2020-06-13.16:00:57::SCWBifWriter::Found a baremetal domain, proc: ps7_cortexa9_0
TRACE::2020-06-13.16:00:57::SCWBifWriter::proc type : 
TRACE::2020-06-13.16:00:57::SCWBifWriter::proc[0] : ps7_cortexa9_0
TRACE::2020-06-13.16:00:57::SCWBifWriter::Device type is : zynq
TRACE::2020-06-13.16:00:57::SCWBifWriter::Writing BIF to file : /home/wask/workspace/vitis/simple_perceptron_sw_system/Debug/system.bif
TRACE::2020-06-13.16:00:57::SCWBifWriter::Writing the Zynq Baremetal bif 
TRACE::2020-06-13.16:08:48::SCWBifWriter::Found the complete platform /home/wask/workspace/vitis/simple_perceptron/export/simple_perceptron/simple_perceptron.xpfm
TRACE::2020-06-13.16:08:48::SCWBifWriter::hardware databse : design_1_wrapper_1
TRACE::2020-06-13.16:08:48::SCWBifWriter::bitstream found in the design
TRACE::2020-06-13.16:08:48::SCWBifWriter::Found a baremetal domain, proc: ps7_cortexa9_0
TRACE::2020-06-13.16:08:48::SCWBifWriter::proc type : 
TRACE::2020-06-13.16:08:48::SCWBifWriter::proc[0] : ps7_cortexa9_0
TRACE::2020-06-13.16:08:48::SCWBifWriter::Device type is : zynq
TRACE::2020-06-13.16:08:48::SCWBifWriter::Writing BIF to file : /home/wask/workspace/vitis/simple_perceptron_sw_system/Debug/system.bif
TRACE::2020-06-13.16:08:48::SCWBifWriter::Writing the Zynq Baremetal bif 
TRACE::2020-06-13.16:12:00::SCWBifWriter::Found the complete platform /home/wask/workspace/vitis/simple_perceptron/export/simple_perceptron/simple_perceptron.xpfm
TRACE::2020-06-13.16:12:01::SCWBifWriter::hardware databse : design_1_wrapper_1
TRACE::2020-06-13.16:12:01::SCWBifWriter::bitstream found in the design
TRACE::2020-06-13.16:12:01::SCWBifWriter::Found a baremetal domain, proc: ps7_cortexa9_0
TRACE::2020-06-13.16:12:01::SCWBifWriter::proc type : 
TRACE::2020-06-13.16:12:01::SCWBifWriter::proc[0] : ps7_cortexa9_0
TRACE::2020-06-13.16:12:01::SCWBifWriter::Device type is : zynq
TRACE::2020-06-13.16:12:01::SCWBifWriter::Writing BIF to file : /home/wask/workspace/vitis/simple_perceptron_sw_system/Debug/system.bif
TRACE::2020-06-13.16:12:01::SCWBifWriter::Writing the Zynq Baremetal bif 
TRACE::2020-06-13.16:18:59::SCWBifWriter::Found the complete platform /home/wask/workspace/vitis/simple_perceptron/export/simple_perceptron/simple_perceptron.xpfm
TRACE::2020-06-13.16:18:59::SCWBifWriter::hardware databse : design_1_wrapper_1
TRACE::2020-06-13.16:18:59::SCWBifWriter::bitstream found in the design
TRACE::2020-06-13.16:18:59::SCWBifWriter::Found a baremetal domain, proc: ps7_cortexa9_0
TRACE::2020-06-13.16:18:59::SCWBifWriter::proc type : 
TRACE::2020-06-13.16:18:59::SCWBifWriter::proc[0] : ps7_cortexa9_0
TRACE::2020-06-13.16:18:59::SCWBifWriter::Device type is : zynq
TRACE::2020-06-13.16:18:59::SCWBifWriter::Writing BIF to file : /home/wask/workspace/vitis/simple_perceptron_sw_system/Debug/system.bif
TRACE::2020-06-13.16:18:59::SCWBifWriter::Writing the Zynq Baremetal bif 
TRACE::2020-06-14.08:32:04::SCWBifWriter::Found the complete platform /home/wask/workspace/vitis/simple_perceptron/export/simple_perceptron/simple_perceptron.xpfm
TRACE::2020-06-14.08:32:04::SCWBifWriter::hardware databse : design_1_wrapper_1
TRACE::2020-06-14.08:32:04::SCWBifWriter::bitstream found in the design
TRACE::2020-06-14.08:32:04::SCWBifWriter::Found a baremetal domain, proc: ps7_cortexa9_0
TRACE::2020-06-14.08:32:04::SCWBifWriter::proc type : 
TRACE::2020-06-14.08:32:04::SCWBifWriter::proc[0] : ps7_cortexa9_0
TRACE::2020-06-14.08:32:04::SCWBifWriter::Device type is : zynq
TRACE::2020-06-14.08:32:04::SCWBifWriter::Writing BIF to file : /home/wask/workspace/vitis/simple_perceptron_sw_system/Debug/system.bif
TRACE::2020-06-14.08:32:04::SCWBifWriter::Writing the Zynq Baremetal bif 
TRACE::2020-06-14.08:45:50::SCWBifWriter::Found the complete platform /home/wask/workspace/vitis/simple_perceptron/export/simple_perceptron/simple_perceptron.xpfm
TRACE::2020-06-14.08:45:50::SCWBifWriter::hardware databse : design_1_wrapper_1
TRACE::2020-06-14.08:45:50::SCWBifWriter::bitstream found in the design
TRACE::2020-06-14.08:45:50::SCWBifWriter::Found a baremetal domain, proc: ps7_cortexa9_0
TRACE::2020-06-14.08:45:50::SCWBifWriter::proc type : 
TRACE::2020-06-14.08:45:50::SCWBifWriter::proc[0] : ps7_cortexa9_0
TRACE::2020-06-14.08:45:50::SCWBifWriter::Device type is : zynq
TRACE::2020-06-14.08:45:50::SCWBifWriter::Writing BIF to file : /home/wask/workspace/vitis/simple_perceptron_sw_system/Debug/system.bif
TRACE::2020-06-14.08:45:50::SCWBifWriter::Writing the Zynq Baremetal bif 
TRACE::2020-06-14.09:03:38::SCWBifWriter::Found the complete platform /home/wask/workspace/vitis/simple_perceptron/export/simple_perceptron/simple_perceptron.xpfm
TRACE::2020-06-14.09:03:39::SCWBifWriter::hardware databse : design_1_wrapper_1
TRACE::2020-06-14.09:03:39::SCWBifWriter::bitstream found in the design
TRACE::2020-06-14.09:03:39::SCWBifWriter::Found a baremetal domain, proc: ps7_cortexa9_0
TRACE::2020-06-14.09:03:39::SCWBifWriter::proc type : 
TRACE::2020-06-14.09:03:39::SCWBifWriter::proc[0] : ps7_cortexa9_0
TRACE::2020-06-14.09:03:39::SCWBifWriter::Device type is : zynq
TRACE::2020-06-14.09:03:39::SCWBifWriter::Writing BIF to file : /home/wask/workspace/vitis/simple_perceptron_sw_system/Debug/system.bif
TRACE::2020-06-14.09:03:39::SCWBifWriter::Writing the Zynq Baremetal bif 
TRACE::2020-06-14.09:04:12::SCWBifWriter::Found the complete platform /home/wask/workspace/vitis/simple_perceptron/export/simple_perceptron/simple_perceptron.xpfm
TRACE::2020-06-14.09:04:12::SCWBifWriter::hardware databse : design_1_wrapper_1
TRACE::2020-06-14.09:04:12::SCWBifWriter::bitstream found in the design
TRACE::2020-06-14.09:04:12::SCWBifWriter::Found a baremetal domain, proc: ps7_cortexa9_0
TRACE::2020-06-14.09:04:12::SCWBifWriter::proc type : 
TRACE::2020-06-14.09:04:12::SCWBifWriter::proc[0] : ps7_cortexa9_0
TRACE::2020-06-14.09:04:12::SCWBifWriter::Device type is : zynq
TRACE::2020-06-14.09:04:12::SCWBifWriter::Writing BIF to file : /home/wask/workspace/vitis/simple_perceptron_sw_system/Debug/system.bif
TRACE::2020-06-14.09:04:12::SCWBifWriter::Writing the Zynq Baremetal bif 
TRACE::2020-06-14.09:32:46::SCWBifWriter::Found the complete platform /home/wask/workspace/vitis/simple_perceptron/export/simple_perceptron/simple_perceptron.xpfm
TRACE::2020-06-14.09:32:46::SCWBifWriter::hardware databse : design_1_wrapper_1
TRACE::2020-06-14.09:32:46::SCWBifWriter::bitstream found in the design
TRACE::2020-06-14.09:32:46::SCWBifWriter::Found a baremetal domain, proc: ps7_cortexa9_0
TRACE::2020-06-14.09:32:46::SCWBifWriter::proc type : 
TRACE::2020-06-14.09:32:46::SCWBifWriter::proc[0] : ps7_cortexa9_0
TRACE::2020-06-14.09:32:46::SCWBifWriter::Device type is : zynq
TRACE::2020-06-14.09:32:46::SCWBifWriter::Writing BIF to file : /home/wask/workspace/vitis/simple_perceptron_sw_system/Debug/system.bif
TRACE::2020-06-14.09:32:46::SCWBifWriter::Writing the Zynq Baremetal bif 
TRACE::2020-06-14.09:35:22::SCWBifWriter::Found the complete platform /home/wask/workspace/vitis/simple_perceptron/export/simple_perceptron/simple_perceptron.xpfm
TRACE::2020-06-14.09:35:22::SCWBifWriter::hardware databse : design_1_wrapper_1
TRACE::2020-06-14.09:35:22::SCWBifWriter::bitstream found in the design
TRACE::2020-06-14.09:35:22::SCWBifWriter::Found a baremetal domain, proc: ps7_cortexa9_0
TRACE::2020-06-14.09:35:22::SCWBifWriter::proc type : 
TRACE::2020-06-14.09:35:22::SCWBifWriter::proc[0] : ps7_cortexa9_0
TRACE::2020-06-14.09:35:22::SCWBifWriter::Device type is : zynq
TRACE::2020-06-14.09:35:22::SCWBifWriter::Writing BIF to file : /home/wask/workspace/vitis/simple_perceptron_sw_system/Debug/system.bif
TRACE::2020-06-14.09:35:22::SCWBifWriter::Writing the Zynq Baremetal bif 
TRACE::2020-06-14.09:35:52::SCWBifWriter::Found the complete platform /home/wask/workspace/vitis/simple_perceptron/export/simple_perceptron/simple_perceptron.xpfm
TRACE::2020-06-14.09:35:52::SCWBifWriter::hardware databse : design_1_wrapper_1
TRACE::2020-06-14.09:35:52::SCWBifWriter::bitstream found in the design
TRACE::2020-06-14.09:35:52::SCWBifWriter::Found a baremetal domain, proc: ps7_cortexa9_0
TRACE::2020-06-14.09:35:52::SCWBifWriter::proc type : 
TRACE::2020-06-14.09:35:52::SCWBifWriter::proc[0] : ps7_cortexa9_0
TRACE::2020-06-14.09:35:52::SCWBifWriter::Device type is : zynq
TRACE::2020-06-14.09:35:52::SCWBifWriter::Writing BIF to file : /home/wask/workspace/vitis/simple_perceptron_sw_system/Debug/system.bif
TRACE::2020-06-14.09:35:52::SCWBifWriter::Writing the Zynq Baremetal bif 
TRACE::2020-06-14.09:36:06::SCWBifWriter::Found the complete platform /home/wask/workspace/vitis/simple_perceptron/export/simple_perceptron/simple_perceptron.xpfm
TRACE::2020-06-14.09:36:06::SCWBifWriter::hardware databse : design_1_wrapper_1
TRACE::2020-06-14.09:36:06::SCWBifWriter::bitstream found in the design
TRACE::2020-06-14.09:36:06::SCWBifWriter::Found a baremetal domain, proc: ps7_cortexa9_0
TRACE::2020-06-14.09:36:06::SCWBifWriter::proc type : 
TRACE::2020-06-14.09:36:06::SCWBifWriter::proc[0] : ps7_cortexa9_0
TRACE::2020-06-14.09:36:06::SCWBifWriter::Device type is : zynq
TRACE::2020-06-14.09:36:06::SCWBifWriter::Writing BIF to file : /home/wask/workspace/vitis/simple_perceptron_sw_system/Debug/system.bif
TRACE::2020-06-14.09:36:06::SCWBifWriter::Writing the Zynq Baremetal bif 
TRACE::2020-06-14.09:37:19::SCWBifWriter::Found the complete platform /home/wask/workspace/vitis/simple_perceptron/export/simple_perceptron/simple_perceptron.xpfm
TRACE::2020-06-14.09:37:19::SCWBifWriter::hardware databse : design_1_wrapper_1
TRACE::2020-06-14.09:37:19::SCWBifWriter::bitstream found in the design
TRACE::2020-06-14.09:37:19::SCWBifWriter::Found a baremetal domain, proc: ps7_cortexa9_0
TRACE::2020-06-14.09:37:19::SCWBifWriter::proc type : 
TRACE::2020-06-14.09:37:19::SCWBifWriter::proc[0] : ps7_cortexa9_0
TRACE::2020-06-14.09:37:19::SCWBifWriter::Device type is : zynq
TRACE::2020-06-14.09:37:19::SCWBifWriter::Writing BIF to file : /home/wask/workspace/vitis/simple_perceptron_sw_system/Debug/system.bif
TRACE::2020-06-14.09:37:19::SCWBifWriter::Writing the Zynq Baremetal bif 
TRACE::2020-06-14.09:42:43::SCWBifWriter::Found the complete platform /home/wask/workspace/vitis/simple_perceptron/export/simple_perceptron/simple_perceptron.xpfm
TRACE::2020-06-14.09:42:43::SCWBifWriter::hardware databse : design_1_wrapper_1
TRACE::2020-06-14.09:42:43::SCWBifWriter::bitstream found in the design
TRACE::2020-06-14.09:42:43::SCWBifWriter::Found a baremetal domain, proc: ps7_cortexa9_0
TRACE::2020-06-14.09:42:43::SCWBifWriter::proc type : 
TRACE::2020-06-14.09:42:43::SCWBifWriter::proc[0] : ps7_cortexa9_0
TRACE::2020-06-14.09:42:43::SCWBifWriter::Device type is : zynq
TRACE::2020-06-14.09:42:43::SCWBifWriter::Writing BIF to file : /home/wask/workspace/vitis/simple_perceptron_sw_system/Debug/system.bif
TRACE::2020-06-14.09:42:43::SCWBifWriter::Writing the Zynq Baremetal bif 
TRACE::2020-06-14.10:35:01::SCWBifWriter::Found the complete platform /home/wask/workspace/vitis/simple_perceptron/export/simple_perceptron/simple_perceptron.xpfm
TRACE::2020-06-14.10:35:01::SCWBifWriter::hardware databse : design_1_wrapper
TRACE::2020-06-14.10:35:01::SCWBifWriter::bitstream found in the design
TRACE::2020-06-14.10:35:01::SCWBifWriter::Found a baremetal domain, proc: ps7_cortexa9_0
TRACE::2020-06-14.10:35:01::SCWBifWriter::proc type : 
TRACE::2020-06-14.10:35:01::SCWBifWriter::proc[0] : ps7_cortexa9_0
TRACE::2020-06-14.10:35:01::SCWBifWriter::Device type is : zynq
TRACE::2020-06-14.10:35:01::SCWBifWriter::Writing BIF to file : /home/wask/workspace/vitis/simple_perceptron_sw_system/Debug/system.bif
TRACE::2020-06-14.10:35:01::SCWBifWriter::Writing the Zynq Baremetal bif 
TRACE::2020-06-14.10:40:49::SCWBifWriter::Found the complete platform /home/wask/workspace/vitis/simple_perceptron/export/simple_perceptron/simple_perceptron.xpfm
TRACE::2020-06-14.10:40:50::SCWBifWriter::hardware databse : design_1_wrapper
TRACE::2020-06-14.10:40:50::SCWBifWriter::bitstream found in the design
TRACE::2020-06-14.10:40:50::SCWBifWriter::Found a baremetal domain, proc: ps7_cortexa9_0
TRACE::2020-06-14.10:40:50::SCWBifWriter::proc type : 
TRACE::2020-06-14.10:40:50::SCWBifWriter::proc[0] : ps7_cortexa9_0
TRACE::2020-06-14.10:40:50::SCWBifWriter::Device type is : zynq
TRACE::2020-06-14.10:40:50::SCWBifWriter::Writing BIF to file : /home/wask/workspace/vitis/simple_perceptron_sw_system/Debug/system.bif
TRACE::2020-06-14.10:40:50::SCWBifWriter::Writing the Zynq Baremetal bif 
TRACE::2020-06-14.12:08:14::SCWBifWriter::Found the complete platform /home/wask/workspace/vitis/simple_perceptron/export/simple_perceptron/simple_perceptron.xpfm
TRACE::2020-06-14.12:08:14::SCWBifWriter::hardware databse : design_1_wrapper_4
TRACE::2020-06-14.12:08:14::SCWBifWriter::bitstream found in the design
TRACE::2020-06-14.12:08:14::SCWBifWriter::Found a baremetal domain, proc: ps7_cortexa9_0
TRACE::2020-06-14.12:08:14::SCWBifWriter::proc type : 
TRACE::2020-06-14.12:08:14::SCWBifWriter::proc[0] : ps7_cortexa9_0
TRACE::2020-06-14.12:08:14::SCWBifWriter::Device type is : zynq
TRACE::2020-06-14.12:08:14::SCWBifWriter::Writing BIF to file : /home/wask/workspace/vitis/simple_perceptron_sw_system/Debug/system.bif
TRACE::2020-06-14.12:08:14::SCWBifWriter::Writing the Zynq Baremetal bif 
TRACE::2020-06-14.12:13:24::SCWBifWriter::Found the complete platform /home/wask/workspace/vitis/simple_perceptron/export/simple_perceptron/simple_perceptron.xpfm
TRACE::2020-06-14.12:13:25::SCWBifWriter::hardware databse : design_1_wrapper_4
TRACE::2020-06-14.12:13:25::SCWBifWriter::bitstream found in the design
TRACE::2020-06-14.12:13:25::SCWBifWriter::Found a baremetal domain, proc: ps7_cortexa9_0
TRACE::2020-06-14.12:13:25::SCWBifWriter::proc type : 
TRACE::2020-06-14.12:13:25::SCWBifWriter::proc[0] : ps7_cortexa9_0
TRACE::2020-06-14.12:13:25::SCWBifWriter::Device type is : zynq
TRACE::2020-06-14.12:13:25::SCWBifWriter::Writing BIF to file : /home/wask/workspace/vitis/simple_perceptron_sw_system/Debug/system.bif
TRACE::2020-06-14.12:13:25::SCWBifWriter::Writing the Zynq Baremetal bif 
TRACE::2020-06-14.12:21:42::SCWBifWriter::Found the complete platform /home/wask/workspace/vitis/simple_perceptron/export/simple_perceptron/simple_perceptron.xpfm
TRACE::2020-06-14.12:21:42::SCWBifWriter::hardware databse : design_1_wrapper_4
TRACE::2020-06-14.12:21:42::SCWBifWriter::bitstream found in the design
TRACE::2020-06-14.12:21:42::SCWBifWriter::Found a baremetal domain, proc: ps7_cortexa9_0
TRACE::2020-06-14.12:21:42::SCWBifWriter::proc type : 
TRACE::2020-06-14.12:21:42::SCWBifWriter::proc[0] : ps7_cortexa9_0
TRACE::2020-06-14.12:21:42::SCWBifWriter::Device type is : zynq
TRACE::2020-06-14.12:21:42::SCWBifWriter::Writing BIF to file : /home/wask/workspace/vitis/simple_perceptron_sw_system/Debug/system.bif
TRACE::2020-06-14.12:21:42::SCWBifWriter::Writing the Zynq Baremetal bif 
TRACE::2020-06-14.12:26:26::SCWBifWriter::Found the complete platform /home/wask/workspace/vitis/simple_perceptron/export/simple_perceptron/simple_perceptron.xpfm
TRACE::2020-06-14.12:26:26::SCWBifWriter::hardware databse : design_1_wrapper_4
TRACE::2020-06-14.12:26:26::SCWBifWriter::bitstream found in the design
TRACE::2020-06-14.12:26:26::SCWBifWriter::Found a baremetal domain, proc: ps7_cortexa9_0
TRACE::2020-06-14.12:26:26::SCWBifWriter::proc type : 
TRACE::2020-06-14.12:26:26::SCWBifWriter::proc[0] : ps7_cortexa9_0
TRACE::2020-06-14.12:26:26::SCWBifWriter::Device type is : zynq
TRACE::2020-06-14.12:26:26::SCWBifWriter::Writing BIF to file : /home/wask/workspace/vitis/simple_perceptron_sw_system/Debug/system.bif
TRACE::2020-06-14.12:26:26::SCWBifWriter::Writing the Zynq Baremetal bif 
TRACE::2020-06-14.20:36:08::SCWBifWriter::Found the complete platform /home/wask/workspace/vitis/simple_perceptron/export/simple_perceptron/simple_perceptron.xpfm
TRACE::2020-06-14.20:36:08::SCWBifWriter::hardware databse : design_1_wrapper_0
TRACE::2020-06-14.20:36:08::SCWBifWriter::bitstream found in the design
TRACE::2020-06-14.20:36:08::SCWBifWriter::Found a baremetal domain, proc: ps7_cortexa9_0
TRACE::2020-06-14.20:36:08::SCWBifWriter::proc type : 
TRACE::2020-06-14.20:36:08::SCWBifWriter::proc[0] : ps7_cortexa9_0
TRACE::2020-06-14.20:36:08::SCWBifWriter::Device type is : zynq
TRACE::2020-06-14.20:36:08::SCWBifWriter::Writing BIF to file : /home/wask/workspace/vitis/simple_perceptron_sw_system/Debug/system.bif
TRACE::2020-06-14.20:36:08::SCWBifWriter::Writing the Zynq Baremetal bif 
TRACE::2020-06-14.20:51:18::SCWBifWriter::Found the complete platform /home/wask/workspace/vitis/simple_perceptron/export/simple_perceptron/simple_perceptron.xpfm
TRACE::2020-06-14.20:51:18::SCWBifWriter::hardware databse : design_1_wrapper_0
TRACE::2020-06-14.20:51:18::SCWBifWriter::bitstream found in the design
TRACE::2020-06-14.20:51:18::SCWBifWriter::Found a baremetal domain, proc: ps7_cortexa9_0
TRACE::2020-06-14.20:51:18::SCWBifWriter::proc type : 
TRACE::2020-06-14.20:51:18::SCWBifWriter::proc[0] : ps7_cortexa9_0
TRACE::2020-06-14.20:51:18::SCWBifWriter::Device type is : zynq
TRACE::2020-06-14.20:51:18::SCWBifWriter::Writing BIF to file : /home/wask/workspace/vitis/simple_perceptron_sw_system/Debug/system.bif
TRACE::2020-06-14.20:51:18::SCWBifWriter::Writing the Zynq Baremetal bif 
TRACE::2020-06-14.23:11:51::SCWBifWriter::Found the complete platform /home/wask/workspace/vitis/simple_perceptron/export/simple_perceptron/simple_perceptron.xpfm
TRACE::2020-06-14.23:11:51::SCWBifWriter::hardware databse : design_1_wrapper_0
TRACE::2020-06-14.23:11:51::SCWBifWriter::bitstream found in the design
TRACE::2020-06-14.23:11:51::SCWBifWriter::Found a baremetal domain, proc: ps7_cortexa9_0
TRACE::2020-06-14.23:11:51::SCWBifWriter::proc type : 
TRACE::2020-06-14.23:11:51::SCWBifWriter::proc[0] : ps7_cortexa9_0
TRACE::2020-06-14.23:11:51::SCWBifWriter::Device type is : zynq
TRACE::2020-06-14.23:11:51::SCWBifWriter::Writing BIF to file : /home/wask/workspace/vitis/simple_perceptron_sw_system/Debug/system.bif
TRACE::2020-06-14.23:11:51::SCWBifWriter::Writing the Zynq Baremetal bif 
TRACE::2020-06-14.23:12:28::SCWBifWriter::Found the complete platform /home/wask/workspace/vitis/simple_perceptron/export/simple_perceptron/simple_perceptron.xpfm
TRACE::2020-06-14.23:12:28::SCWBifWriter::hardware databse : design_1_wrapper_0
TRACE::2020-06-14.23:12:28::SCWBifWriter::bitstream found in the design
TRACE::2020-06-14.23:12:28::SCWBifWriter::Found a baremetal domain, proc: ps7_cortexa9_0
TRACE::2020-06-14.23:12:28::SCWBifWriter::proc type : 
TRACE::2020-06-14.23:12:28::SCWBifWriter::proc[0] : ps7_cortexa9_0
TRACE::2020-06-14.23:12:28::SCWBifWriter::Device type is : zynq
TRACE::2020-06-14.23:12:28::SCWBifWriter::Writing BIF to file : /home/wask/workspace/vitis/simple_perceptron_sw_system/Debug/system.bif
TRACE::2020-06-14.23:12:28::SCWBifWriter::Writing the Zynq Baremetal bif 
TRACE::2020-06-14.23:13:20::SCWBifWriter::Found the complete platform /home/wask/workspace/vitis/simple_perceptron/export/simple_perceptron/simple_perceptron.xpfm
TRACE::2020-06-14.23:13:20::SCWBifWriter::hardware databse : design_1_wrapper_1
TRACE::2020-06-14.23:13:20::SCWBifWriter::bitstream found in the design
TRACE::2020-06-14.23:13:20::SCWBifWriter::Found a baremetal domain, proc: ps7_cortexa9_0
TRACE::2020-06-14.23:13:20::SCWBifWriter::proc type : 
TRACE::2020-06-14.23:13:20::SCWBifWriter::proc[0] : ps7_cortexa9_0
TRACE::2020-06-14.23:13:20::SCWBifWriter::Device type is : zynq
TRACE::2020-06-14.23:13:20::SCWBifWriter::Writing BIF to file : /home/wask/workspace/vitis/simple_perceptron_sw_system/Debug/system.bif
TRACE::2020-06-14.23:13:20::SCWBifWriter::Writing the Zynq Baremetal bif 
TRACE::2020-06-15.20:54:11::SCWBifWriter::Found the complete platform /home/wask/workspace/vitis/simple_perceptron/export/simple_perceptron/simple_perceptron.xpfm
TRACE::2020-06-15.20:54:11::SCWBifWriter::hardware databse : design_1_wrapper_1
TRACE::2020-06-15.20:54:11::SCWBifWriter::bitstream found in the design
TRACE::2020-06-15.20:54:11::SCWBifWriter::Found a baremetal domain, proc: ps7_cortexa9_0
TRACE::2020-06-15.20:54:11::SCWBifWriter::proc type : 
TRACE::2020-06-15.20:54:11::SCWBifWriter::proc[0] : ps7_cortexa9_0
TRACE::2020-06-15.20:54:11::SCWBifWriter::Device type is : zynq
TRACE::2020-06-15.20:54:11::SCWBifWriter::Writing BIF to file : /home/wask/workspace/vitis/simple_perceptron_sw_system/Debug/system.bif
TRACE::2020-06-15.20:54:11::SCWBifWriter::Writing the Zynq Baremetal bif 
TRACE::2020-06-15.21:08:49::SCWBifWriter::Found the complete platform /home/wask/workspace/vitis/simple_perceptron/export/simple_perceptron/simple_perceptron.xpfm
TRACE::2020-06-15.21:08:49::SCWBifWriter::hardware databse : design_1_wrapper_1
TRACE::2020-06-15.21:08:49::SCWBifWriter::bitstream found in the design
TRACE::2020-06-15.21:08:49::SCWBifWriter::Found a baremetal domain, proc: ps7_cortexa9_0
TRACE::2020-06-15.21:08:49::SCWBifWriter::proc type : 
TRACE::2020-06-15.21:08:49::SCWBifWriter::proc[0] : ps7_cortexa9_0
TRACE::2020-06-15.21:08:49::SCWBifWriter::Device type is : zynq
TRACE::2020-06-15.21:08:49::SCWBifWriter::Writing BIF to file : /home/wask/workspace/vitis/simple_perceptron_sw_system/Debug/system.bif
TRACE::2020-06-15.21:08:49::SCWBifWriter::Writing the Zynq Baremetal bif 
TRACE::2020-06-15.23:14:19::SCWBifWriter::Found the complete platform /home/wask/workspace/vitis/simple_perceptron/export/simple_perceptron/simple_perceptron.xpfm
TRACE::2020-06-15.23:14:19::SCWBifWriter::hardware databse : design_1_wrapper
TRACE::2020-06-15.23:14:19::SCWBifWriter::bitstream found in the design
TRACE::2020-06-15.23:14:19::SCWBifWriter::Found a baremetal domain, proc: ps7_cortexa9_0
TRACE::2020-06-15.23:14:19::SCWBifWriter::proc type : 
TRACE::2020-06-15.23:14:19::SCWBifWriter::proc[0] : ps7_cortexa9_0
TRACE::2020-06-15.23:14:19::SCWBifWriter::Device type is : zynq
TRACE::2020-06-15.23:14:19::SCWBifWriter::Writing BIF to file : /home/wask/workspace/vitis/simple_perceptron_sw_system/Debug/system.bif
TRACE::2020-06-15.23:14:19::SCWBifWriter::Writing the Zynq Baremetal bif 
TRACE::2020-06-15.23:16:25::SCWBifWriter::Found the complete platform /home/wask/workspace/vitis/simple_perceptron/export/simple_perceptron/simple_perceptron.xpfm
TRACE::2020-06-15.23:16:26::SCWBifWriter::hardware databse : design_1_wrapper
TRACE::2020-06-15.23:16:26::SCWBifWriter::bitstream found in the design
TRACE::2020-06-15.23:16:26::SCWBifWriter::Found a baremetal domain, proc: ps7_cortexa9_0
TRACE::2020-06-15.23:16:26::SCWBifWriter::proc type : 
TRACE::2020-06-15.23:16:26::SCWBifWriter::proc[0] : ps7_cortexa9_0
TRACE::2020-06-15.23:16:26::SCWBifWriter::Device type is : zynq
TRACE::2020-06-15.23:16:26::SCWBifWriter::Writing BIF to file : /home/wask/workspace/vitis/simple_perceptron_sw_system/Debug/system.bif
TRACE::2020-06-15.23:16:26::SCWBifWriter::Writing the Zynq Baremetal bif 
TRACE::2020-06-15.23:22:10::SCWBifWriter::Found the complete platform /home/wask/workspace/vitis/simple_perceptron/export/simple_perceptron/simple_perceptron.xpfm
TRACE::2020-06-15.23:22:10::SCWBifWriter::hardware databse : design_1_wrapper_0
TRACE::2020-06-15.23:22:10::SCWBifWriter::bitstream found in the design
TRACE::2020-06-15.23:22:10::SCWBifWriter::Found a baremetal domain, proc: ps7_cortexa9_0
TRACE::2020-06-15.23:22:10::SCWBifWriter::proc type : 
TRACE::2020-06-15.23:22:10::SCWBifWriter::proc[0] : ps7_cortexa9_0
TRACE::2020-06-15.23:22:10::SCWBifWriter::Device type is : zynq
TRACE::2020-06-15.23:22:10::SCWBifWriter::Writing BIF to file : /home/wask/workspace/vitis/simple_perceptron_sw_system/Debug/system.bif
TRACE::2020-06-15.23:22:10::SCWBifWriter::Writing the Zynq Baremetal bif 
TRACE::2020-06-15.23:23:42::SCWBifWriter::Found the complete platform /home/wask/workspace/vitis/simple_perceptron/export/simple_perceptron/simple_perceptron.xpfm
TRACE::2020-06-15.23:23:43::SCWBifWriter::hardware databse : design_1_wrapper_1
TRACE::2020-06-15.23:23:43::SCWBifWriter::bitstream found in the design
TRACE::2020-06-15.23:23:43::SCWBifWriter::Found a baremetal domain, proc: ps7_cortexa9_0
TRACE::2020-06-15.23:23:43::SCWBifWriter::proc type : 
TRACE::2020-06-15.23:23:43::SCWBifWriter::proc[0] : ps7_cortexa9_0
TRACE::2020-06-15.23:23:43::SCWBifWriter::Device type is : zynq
TRACE::2020-06-15.23:23:43::SCWBifWriter::Writing BIF to file : /home/wask/workspace/vitis/simple_perceptron_sw_system/Debug/system.bif
TRACE::2020-06-15.23:23:43::SCWBifWriter::Writing the Zynq Baremetal bif 
TRACE::2020-06-16.11:02:34::SCWBifWriter::Found the complete platform /home/wask/workspace/vitis/simple_perceptron/export/simple_perceptron/simple_perceptron.xpfm
TRACE::2020-06-16.11:02:34::SCWBifWriter::hardware databse : design_1_wrapper_3
TRACE::2020-06-16.11:02:34::SCWBifWriter::bitstream found in the design
TRACE::2020-06-16.11:02:34::SCWBifWriter::Found a baremetal domain, proc: ps7_cortexa9_0
TRACE::2020-06-16.11:02:34::SCWBifWriter::proc type : 
TRACE::2020-06-16.11:02:34::SCWBifWriter::proc[0] : ps7_cortexa9_0
TRACE::2020-06-16.11:02:34::SCWBifWriter::Device type is : zynq
TRACE::2020-06-16.11:02:34::SCWBifWriter::Writing BIF to file : /home/wask/workspace/vitis/simple_perceptron_sw_system/Debug/system.bif
TRACE::2020-06-16.11:02:34::SCWBifWriter::Writing the Zynq Baremetal bif 
TRACE::2020-06-16.16:20:13::SCWBifWriter::Found the complete platform /home/wask/workspace/vitis/simple_perceptron/export/simple_perceptron/simple_perceptron.xpfm
TRACE::2020-06-16.16:20:13::SCWBifWriter::hardware databse : design_1_wrapper_8
TRACE::2020-06-16.16:20:13::SCWBifWriter::bitstream found in the design
TRACE::2020-06-16.16:20:13::SCWBifWriter::Found a baremetal domain, proc: ps7_cortexa9_0
TRACE::2020-06-16.16:20:13::SCWBifWriter::proc type : 
TRACE::2020-06-16.16:20:13::SCWBifWriter::proc[0] : ps7_cortexa9_0
TRACE::2020-06-16.16:20:13::SCWBifWriter::Device type is : zynq
TRACE::2020-06-16.16:20:13::SCWBifWriter::Writing BIF to file : /home/wask/workspace/vitis/simple_perceptron_sw_system/Debug/system.bif
TRACE::2020-06-16.16:20:13::SCWBifWriter::Writing the Zynq Baremetal bif 
TRACE::2020-06-16.16:22:50::SCWBifWriter::Found the complete platform /home/wask/workspace/vitis/simple_perceptron/export/simple_perceptron/simple_perceptron.xpfm
TRACE::2020-06-16.16:22:50::SCWBifWriter::hardware databse : design_1_wrapper_8
TRACE::2020-06-16.16:22:50::SCWBifWriter::bitstream found in the design
TRACE::2020-06-16.16:22:50::SCWBifWriter::Found a baremetal domain, proc: ps7_cortexa9_0
TRACE::2020-06-16.16:22:50::SCWBifWriter::proc type : 
TRACE::2020-06-16.16:22:50::SCWBifWriter::proc[0] : ps7_cortexa9_0
TRACE::2020-06-16.16:22:50::SCWBifWriter::Device type is : zynq
TRACE::2020-06-16.16:22:50::SCWBifWriter::Writing BIF to file : /home/wask/workspace/vitis/simple_perceptron_sw_system/Debug/system.bif
TRACE::2020-06-16.16:22:50::SCWBifWriter::Writing the Zynq Baremetal bif 
TRACE::2020-06-19.10:24:01::SCWBifWriter::Found the complete platform /home/wask/workspace/vitis/simple_perceptron/export/simple_perceptron/simple_perceptron.xpfm
TRACE::2020-06-19.10:24:01::SCWBifWriter::hardware databse : design_1_wrapper_0
TRACE::2020-06-19.10:24:01::SCWBifWriter::bitstream found in the design
TRACE::2020-06-19.10:24:01::SCWBifWriter::Found a baremetal domain, proc: ps7_cortexa9_0
TRACE::2020-06-19.10:24:01::SCWBifWriter::proc type : 
TRACE::2020-06-19.10:24:01::SCWBifWriter::proc[0] : ps7_cortexa9_0
TRACE::2020-06-19.10:24:01::SCWBifWriter::Device type is : zynq
TRACE::2020-06-19.10:24:01::SCWBifWriter::Writing BIF to file : /home/wask/workspace/vitis/simple_perceptron_sw_system/Debug/system.bif
TRACE::2020-06-19.10:24:01::SCWBifWriter::Writing the Zynq Baremetal bif 
TRACE::2020-06-19.10:25:11::SCWBifWriter::Found the complete platform /home/wask/workspace/vitis/simple_perceptron/export/simple_perceptron/simple_perceptron.xpfm
TRACE::2020-06-19.10:25:11::SCWBifWriter::hardware databse : design_1_wrapper_1
TRACE::2020-06-19.10:25:11::SCWBifWriter::bitstream found in the design
TRACE::2020-06-19.10:25:11::SCWBifWriter::Found a baremetal domain, proc: ps7_cortexa9_0
TRACE::2020-06-19.10:25:11::SCWBifWriter::proc type : 
TRACE::2020-06-19.10:25:11::SCWBifWriter::proc[0] : ps7_cortexa9_0
TRACE::2020-06-19.10:25:11::SCWBifWriter::Device type is : zynq
TRACE::2020-06-19.10:25:11::SCWBifWriter::Writing BIF to file : /home/wask/workspace/vitis/simple_perceptron_sw_system/Debug/system.bif
TRACE::2020-06-19.10:25:11::SCWBifWriter::Writing the Zynq Baremetal bif 
TRACE::2020-06-19.10:28:49::SCWBifWriter::Found the complete platform /home/wask/workspace/vitis/simple_perceptron/export/simple_perceptron/simple_perceptron.xpfm
TRACE::2020-06-19.10:28:49::SCWBifWriter::hardware databse : design_1_wrapper
TRACE::2020-06-19.10:28:49::SCWBifWriter::bitstream found in the design
TRACE::2020-06-19.10:28:49::SCWBifWriter::Found a baremetal domain, proc: ps7_cortexa9_0
TRACE::2020-06-19.10:28:49::SCWBifWriter::proc type : 
TRACE::2020-06-19.10:28:49::SCWBifWriter::proc[0] : ps7_cortexa9_0
TRACE::2020-06-19.10:28:49::SCWBifWriter::Device type is : zynq
TRACE::2020-06-19.10:28:49::SCWBifWriter::Writing BIF to file : /home/wask/workspace/vitis/simple_perceptron_sw_system/Debug/system.bif
TRACE::2020-06-19.10:28:49::SCWBifWriter::Writing the Zynq Baremetal bif 
TRACE::2020-06-19.10:31:30::SCWBifWriter::Found the complete platform /home/wask/workspace/vitis/simple_perceptron/export/simple_perceptron/simple_perceptron.xpfm
TRACE::2020-06-19.10:31:30::SCWBifWriter::hardware databse : design_1_wrapper
TRACE::2020-06-19.10:31:30::SCWBifWriter::bitstream found in the design
TRACE::2020-06-19.10:31:30::SCWBifWriter::Found a baremetal domain, proc: ps7_cortexa9_0
TRACE::2020-06-19.10:31:30::SCWBifWriter::proc type : 
TRACE::2020-06-19.10:31:30::SCWBifWriter::proc[0] : ps7_cortexa9_0
TRACE::2020-06-19.10:31:30::SCWBifWriter::Device type is : zynq
TRACE::2020-06-19.10:31:30::SCWBifWriter::Writing BIF to file : /home/wask/workspace/vitis/simple_perceptron_sw_system/Debug/system.bif
TRACE::2020-06-19.10:31:30::SCWBifWriter::Writing the Zynq Baremetal bif 
TRACE::2020-06-19.10:57:41::SCWBifWriter::Found the complete platform /home/wask/workspace/vitis/simple_perceptron/export/simple_perceptron/simple_perceptron.xpfm
TRACE::2020-06-19.10:57:41::SCWBifWriter::hardware databse : design_1_wrapper_0
TRACE::2020-06-19.10:57:41::SCWBifWriter::bitstream found in the design
TRACE::2020-06-19.10:57:41::SCWBifWriter::Found a baremetal domain, proc: ps7_cortexa9_0
TRACE::2020-06-19.10:57:41::SCWBifWriter::proc type : 
TRACE::2020-06-19.10:57:41::SCWBifWriter::proc[0] : ps7_cortexa9_0
TRACE::2020-06-19.10:57:41::SCWBifWriter::Device type is : zynq
TRACE::2020-06-19.10:57:41::SCWBifWriter::Writing BIF to file : /home/wask/workspace/vitis/simple_perceptron_sw_system/Debug/system.bif
TRACE::2020-06-19.10:57:41::SCWBifWriter::Writing the Zynq Baremetal bif 
TRACE::2020-06-19.11:00:03::SCWBifWriter::Found the complete platform /home/wask/workspace/vitis/simple_perceptron/export/simple_perceptron/simple_perceptron.xpfm
TRACE::2020-06-19.11:00:03::SCWBifWriter::hardware databse : design_1_wrapper_0
TRACE::2020-06-19.11:00:03::SCWBifWriter::bitstream found in the design
TRACE::2020-06-19.11:00:03::SCWBifWriter::Found a baremetal domain, proc: ps7_cortexa9_0
TRACE::2020-06-19.11:00:03::SCWBifWriter::proc type : 
TRACE::2020-06-19.11:00:03::SCWBifWriter::proc[0] : ps7_cortexa9_0
TRACE::2020-06-19.11:00:03::SCWBifWriter::Device type is : zynq
TRACE::2020-06-19.11:00:03::SCWBifWriter::Writing BIF to file : /home/wask/workspace/vitis/simple_perceptron_sw_system/Debug/system.bif
TRACE::2020-06-19.11:00:03::SCWBifWriter::Writing the Zynq Baremetal bif 
TRACE::2020-06-19.11:01:11::SCWBifWriter::Found the complete platform /home/wask/workspace/vitis/simple_perceptron/export/simple_perceptron/simple_perceptron.xpfm
TRACE::2020-06-19.11:01:11::SCWBifWriter::hardware databse : design_1_wrapper_0
TRACE::2020-06-19.11:01:11::SCWBifWriter::bitstream found in the design
TRACE::2020-06-19.11:01:11::SCWBifWriter::Found a baremetal domain, proc: ps7_cortexa9_0
TRACE::2020-06-19.11:01:11::SCWBifWriter::proc type : 
TRACE::2020-06-19.11:01:11::SCWBifWriter::proc[0] : ps7_cortexa9_0
TRACE::2020-06-19.11:01:11::SCWBifWriter::Device type is : zynq
TRACE::2020-06-19.11:01:11::SCWBifWriter::Writing BIF to file : /home/wask/workspace/vitis/simple_perceptron_sw_system/Debug/system.bif
TRACE::2020-06-19.11:01:11::SCWBifWriter::Writing the Zynq Baremetal bif 
TRACE::2020-06-19.11:03:36::SCWBifWriter::Found the complete platform /home/wask/workspace/vitis/simple_perceptron/export/simple_perceptron/simple_perceptron.xpfm
TRACE::2020-06-19.11:03:36::SCWBifWriter::hardware databse : design_1_wrapper_0
TRACE::2020-06-19.11:03:36::SCWBifWriter::bitstream found in the design
TRACE::2020-06-19.11:03:36::SCWBifWriter::Found a baremetal domain, proc: ps7_cortexa9_0
TRACE::2020-06-19.11:03:36::SCWBifWriter::proc type : 
TRACE::2020-06-19.11:03:36::SCWBifWriter::proc[0] : ps7_cortexa9_0
TRACE::2020-06-19.11:03:36::SCWBifWriter::Device type is : zynq
TRACE::2020-06-19.11:03:36::SCWBifWriter::Writing BIF to file : /home/wask/workspace/vitis/simple_perceptron_sw_system/Debug/system.bif
TRACE::2020-06-19.11:03:36::SCWBifWriter::Writing the Zynq Baremetal bif 
TRACE::2020-06-19.11:06:36::SCWBifWriter::Found the complete platform /home/wask/workspace/vitis/simple_perceptron/export/simple_perceptron/simple_perceptron.xpfm
TRACE::2020-06-19.11:06:36::SCWBifWriter::hardware databse : design_1_wrapper_0
TRACE::2020-06-19.11:06:36::SCWBifWriter::bitstream found in the design
TRACE::2020-06-19.11:06:36::SCWBifWriter::Found a baremetal domain, proc: ps7_cortexa9_0
TRACE::2020-06-19.11:06:36::SCWBifWriter::proc type : 
TRACE::2020-06-19.11:06:36::SCWBifWriter::proc[0] : ps7_cortexa9_0
TRACE::2020-06-19.11:06:36::SCWBifWriter::Device type is : zynq
TRACE::2020-06-19.11:06:36::SCWBifWriter::Writing BIF to file : /home/wask/workspace/vitis/simple_perceptron_sw_system/Debug/system.bif
TRACE::2020-06-19.11:06:36::SCWBifWriter::Writing the Zynq Baremetal bif 
TRACE::2020-06-19.11:07:33::SCWBifWriter::Found the complete platform /home/wask/workspace/vitis/simple_perceptron/export/simple_perceptron/simple_perceptron.xpfm
TRACE::2020-06-19.11:07:33::SCWBifWriter::hardware databse : design_1_wrapper_0
TRACE::2020-06-19.11:07:33::SCWBifWriter::bitstream found in the design
TRACE::2020-06-19.11:07:33::SCWBifWriter::Found a baremetal domain, proc: ps7_cortexa9_0
TRACE::2020-06-19.11:07:33::SCWBifWriter::proc type : 
TRACE::2020-06-19.11:07:33::SCWBifWriter::proc[0] : ps7_cortexa9_0
TRACE::2020-06-19.11:07:33::SCWBifWriter::Device type is : zynq
TRACE::2020-06-19.11:07:33::SCWBifWriter::Writing BIF to file : /home/wask/workspace/vitis/simple_perceptron_sw_system/Debug/system.bif
TRACE::2020-06-19.11:07:33::SCWBifWriter::Writing the Zynq Baremetal bif 
TRACE::2020-06-19.11:07:43::SCWBifWriter::Found the complete platform /home/wask/workspace/vitis/simple_perceptron/export/simple_perceptron/simple_perceptron.xpfm
TRACE::2020-06-19.11:07:43::SCWBifWriter::hardware databse : design_1_wrapper_0
TRACE::2020-06-19.11:07:43::SCWBifWriter::bitstream found in the design
TRACE::2020-06-19.11:07:43::SCWBifWriter::Found a baremetal domain, proc: ps7_cortexa9_0
TRACE::2020-06-19.11:07:43::SCWBifWriter::proc type : 
TRACE::2020-06-19.11:07:43::SCWBifWriter::proc[0] : ps7_cortexa9_0
TRACE::2020-06-19.11:07:43::SCWBifWriter::Device type is : zynq
TRACE::2020-06-19.11:07:43::SCWBifWriter::Writing BIF to file : /home/wask/workspace/vitis/simple_perceptron_sw_system/Debug/system.bif
TRACE::2020-06-19.11:07:43::SCWBifWriter::Writing the Zynq Baremetal bif 
TRACE::2020-06-19.11:08:22::SCWBifWriter::Found the complete platform /home/wask/workspace/vitis/simple_perceptron/export/simple_perceptron/simple_perceptron.xpfm
TRACE::2020-06-19.11:08:22::SCWBifWriter::hardware databse : design_1_wrapper_0
TRACE::2020-06-19.11:08:22::SCWBifWriter::bitstream found in the design
TRACE::2020-06-19.11:08:22::SCWBifWriter::Found a baremetal domain, proc: ps7_cortexa9_0
TRACE::2020-06-19.11:08:22::SCWBifWriter::proc type : 
TRACE::2020-06-19.11:08:22::SCWBifWriter::proc[0] : ps7_cortexa9_0
TRACE::2020-06-19.11:08:22::SCWBifWriter::Device type is : zynq
TRACE::2020-06-19.11:08:22::SCWBifWriter::Writing BIF to file : /home/wask/workspace/vitis/simple_perceptron_sw_system/Debug/system.bif
TRACE::2020-06-19.11:08:22::SCWBifWriter::Writing the Zynq Baremetal bif 
TRACE::2020-06-19.11:10:44::SCWBifWriter::Found the complete platform /home/wask/workspace/vitis/simple_perceptron/export/simple_perceptron/simple_perceptron.xpfm
TRACE::2020-06-19.11:10:44::SCWBifWriter::hardware databse : design_1_wrapper_0
TRACE::2020-06-19.11:10:44::SCWBifWriter::bitstream found in the design
TRACE::2020-06-19.11:10:44::SCWBifWriter::Found a baremetal domain, proc: ps7_cortexa9_0
TRACE::2020-06-19.11:10:44::SCWBifWriter::proc type : 
TRACE::2020-06-19.11:10:44::SCWBifWriter::proc[0] : ps7_cortexa9_0
TRACE::2020-06-19.11:10:44::SCWBifWriter::Device type is : zynq
TRACE::2020-06-19.11:10:44::SCWBifWriter::Writing BIF to file : /home/wask/workspace/vitis/simple_perceptron_sw_system/Debug/system.bif
TRACE::2020-06-19.11:10:44::SCWBifWriter::Writing the Zynq Baremetal bif 
TRACE::2020-06-19.11:13:20::SCWBifWriter::Found the complete platform /home/wask/workspace/vitis/simple_perceptron/export/simple_perceptron/simple_perceptron.xpfm
TRACE::2020-06-19.11:13:20::SCWBifWriter::hardware databse : design_1_wrapper_0
TRACE::2020-06-19.11:13:20::SCWBifWriter::bitstream found in the design
TRACE::2020-06-19.11:13:20::SCWBifWriter::Found a baremetal domain, proc: ps7_cortexa9_0
TRACE::2020-06-19.11:13:20::SCWBifWriter::proc type : 
TRACE::2020-06-19.11:13:20::SCWBifWriter::proc[0] : ps7_cortexa9_0
TRACE::2020-06-19.11:13:20::SCWBifWriter::Device type is : zynq
TRACE::2020-06-19.11:13:20::SCWBifWriter::Writing BIF to file : /home/wask/workspace/vitis/simple_perceptron_sw_system/Debug/system.bif
TRACE::2020-06-19.11:13:20::SCWBifWriter::Writing the Zynq Baremetal bif 
TRACE::2020-06-19.11:20:37::SCWBifWriter::Found the complete platform /home/wask/workspace/vitis/simple_perceptron/export/simple_perceptron/simple_perceptron.xpfm
TRACE::2020-06-19.11:20:37::SCWBifWriter::hardware databse : design_1_wrapper_1
TRACE::2020-06-19.11:20:37::SCWBifWriter::bitstream found in the design
TRACE::2020-06-19.11:20:37::SCWBifWriter::Found a baremetal domain, proc: ps7_cortexa9_0
TRACE::2020-06-19.11:20:37::SCWBifWriter::proc type : 
TRACE::2020-06-19.11:20:37::SCWBifWriter::proc[0] : ps7_cortexa9_0
TRACE::2020-06-19.11:20:37::SCWBifWriter::Device type is : zynq
TRACE::2020-06-19.11:20:37::SCWBifWriter::Writing BIF to file : /home/wask/workspace/vitis/simple_perceptron_sw_system/Debug/system.bif
TRACE::2020-06-19.11:20:37::SCWBifWriter::Writing the Zynq Baremetal bif 
TRACE::2020-06-19.11:45:01::SCWBifWriter::Found the complete platform /home/wask/workspace/vitis/simple_perceptron/export/simple_perceptron/simple_perceptron.xpfm
TRACE::2020-06-19.11:45:01::SCWBifWriter::hardware databse : design_1_wrapper_6
TRACE::2020-06-19.11:45:01::SCWBifWriter::bitstream found in the design
TRACE::2020-06-19.11:45:01::SCWBifWriter::Found a baremetal domain, proc: ps7_cortexa9_0
TRACE::2020-06-19.11:45:01::SCWBifWriter::proc type : 
TRACE::2020-06-19.11:45:01::SCWBifWriter::proc[0] : ps7_cortexa9_0
TRACE::2020-06-19.11:45:01::SCWBifWriter::Device type is : zynq
TRACE::2020-06-19.11:45:01::SCWBifWriter::Writing BIF to file : /home/wask/workspace/vitis/simple_perceptron_sw_system/Debug/system.bif
TRACE::2020-06-19.11:45:01::SCWBifWriter::Writing the Zynq Baremetal bif 
TRACE::2020-06-19.11:46:53::SCWBifWriter::Found the complete platform /home/wask/workspace/vitis/simple_perceptron/export/simple_perceptron/simple_perceptron.xpfm
TRACE::2020-06-19.11:46:53::SCWBifWriter::hardware databse : design_1_wrapper_6
TRACE::2020-06-19.11:46:53::SCWBifWriter::bitstream found in the design
TRACE::2020-06-19.11:46:53::SCWBifWriter::Found a baremetal domain, proc: ps7_cortexa9_0
TRACE::2020-06-19.11:46:53::SCWBifWriter::proc type : 
TRACE::2020-06-19.11:46:53::SCWBifWriter::proc[0] : ps7_cortexa9_0
TRACE::2020-06-19.11:46:53::SCWBifWriter::Device type is : zynq
TRACE::2020-06-19.11:46:53::SCWBifWriter::Writing BIF to file : /home/wask/workspace/vitis/simple_perceptron_sw_system/Debug/system.bif
TRACE::2020-06-19.11:46:53::SCWBifWriter::Writing the Zynq Baremetal bif 
TRACE::2020-06-19.11:51:43::SCWBifWriter::Found the complete platform /home/wask/workspace/vitis/simple_perceptron/export/simple_perceptron/simple_perceptron.xpfm
TRACE::2020-06-19.11:51:43::SCWBifWriter::hardware databse : design_1_wrapper_8
TRACE::2020-06-19.11:51:43::SCWBifWriter::bitstream found in the design
TRACE::2020-06-19.11:51:43::SCWBifWriter::Found a baremetal domain, proc: ps7_cortexa9_0
TRACE::2020-06-19.11:51:43::SCWBifWriter::proc type : 
TRACE::2020-06-19.11:51:43::SCWBifWriter::proc[0] : ps7_cortexa9_0
TRACE::2020-06-19.11:51:43::SCWBifWriter::Device type is : zynq
TRACE::2020-06-19.11:51:43::SCWBifWriter::Writing BIF to file : /home/wask/workspace/vitis/simple_perceptron_sw_system/Debug/system.bif
TRACE::2020-06-19.11:51:43::SCWBifWriter::Writing the Zynq Baremetal bif 
TRACE::2020-06-19.11:54:48::SCWBifWriter::Found the complete platform /home/wask/workspace/vitis/simple_perceptron/export/simple_perceptron/simple_perceptron.xpfm
TRACE::2020-06-19.11:54:48::SCWBifWriter::hardware databse : design_1_wrapper_8
TRACE::2020-06-19.11:54:48::SCWBifWriter::bitstream found in the design
TRACE::2020-06-19.11:54:48::SCWBifWriter::Found a baremetal domain, proc: ps7_cortexa9_0
TRACE::2020-06-19.11:54:48::SCWBifWriter::proc type : 
TRACE::2020-06-19.11:54:48::SCWBifWriter::proc[0] : ps7_cortexa9_0
TRACE::2020-06-19.11:54:48::SCWBifWriter::Device type is : zynq
TRACE::2020-06-19.11:54:48::SCWBifWriter::Writing BIF to file : /home/wask/workspace/vitis/simple_perceptron_sw_system/Debug/system.bif
TRACE::2020-06-19.11:54:48::SCWBifWriter::Writing the Zynq Baremetal bif 
TRACE::2020-06-19.11:56:55::SCWBifWriter::Found the complete platform /home/wask/workspace/vitis/simple_perceptron/export/simple_perceptron/simple_perceptron.xpfm
TRACE::2020-06-19.11:56:55::SCWBifWriter::hardware databse : design_1_wrapper_8
TRACE::2020-06-19.11:56:55::SCWBifWriter::bitstream found in the design
TRACE::2020-06-19.11:56:55::SCWBifWriter::Found a baremetal domain, proc: ps7_cortexa9_0
TRACE::2020-06-19.11:56:55::SCWBifWriter::proc type : 
TRACE::2020-06-19.11:56:55::SCWBifWriter::proc[0] : ps7_cortexa9_0
TRACE::2020-06-19.11:56:55::SCWBifWriter::Device type is : zynq
TRACE::2020-06-19.11:56:55::SCWBifWriter::Writing BIF to file : /home/wask/workspace/vitis/simple_perceptron_sw_system/Debug/system.bif
TRACE::2020-06-19.11:56:55::SCWBifWriter::Writing the Zynq Baremetal bif 
TRACE::2020-06-19.12:03:12::SCWBifWriter::Found the complete platform /home/wask/workspace/vitis/simple_perceptron/export/simple_perceptron/simple_perceptron.xpfm
TRACE::2020-06-19.12:03:12::SCWBifWriter::hardware databse : design_1_wrapper_8
TRACE::2020-06-19.12:03:12::SCWBifWriter::bitstream found in the design
TRACE::2020-06-19.12:03:12::SCWBifWriter::Found a baremetal domain, proc: ps7_cortexa9_0
TRACE::2020-06-19.12:03:12::SCWBifWriter::proc type : 
TRACE::2020-06-19.12:03:12::SCWBifWriter::proc[0] : ps7_cortexa9_0
TRACE::2020-06-19.12:03:12::SCWBifWriter::Device type is : zynq
TRACE::2020-06-19.12:03:12::SCWBifWriter::Writing BIF to file : /home/wask/workspace/vitis/simple_perceptron_sw_system/Debug/system.bif
TRACE::2020-06-19.12:03:12::SCWBifWriter::Writing the Zynq Baremetal bif 
TRACE::2020-06-19.12:09:33::SCWBifWriter::Found the complete platform /home/wask/workspace/vitis/simple_perceptron/export/simple_perceptron/simple_perceptron.xpfm
TRACE::2020-06-19.12:09:33::SCWBifWriter::hardware databse : design_1_wrapper_8
TRACE::2020-06-19.12:09:33::SCWBifWriter::bitstream found in the design
TRACE::2020-06-19.12:09:33::SCWBifWriter::Found a baremetal domain, proc: ps7_cortexa9_0
TRACE::2020-06-19.12:09:33::SCWBifWriter::proc type : 
TRACE::2020-06-19.12:09:33::SCWBifWriter::proc[0] : ps7_cortexa9_0
TRACE::2020-06-19.12:09:33::SCWBifWriter::Device type is : zynq
TRACE::2020-06-19.12:09:33::SCWBifWriter::Writing BIF to file : /home/wask/workspace/vitis/simple_perceptron_sw_system/Debug/system.bif
TRACE::2020-06-19.12:09:33::SCWBifWriter::Writing the Zynq Baremetal bif 
TRACE::2020-06-19.12:42:11::SCWBifWriter::Found the complete platform /home/wask/workspace/vitis/simple_perceptron/export/simple_perceptron/simple_perceptron.xpfm
TRACE::2020-06-19.12:42:11::SCWBifWriter::hardware databse : design_1_wrapper_8
TRACE::2020-06-19.12:42:11::SCWBifWriter::bitstream found in the design
TRACE::2020-06-19.12:42:11::SCWBifWriter::Found a baremetal domain, proc: ps7_cortexa9_0
TRACE::2020-06-19.12:42:11::SCWBifWriter::proc type : 
TRACE::2020-06-19.12:42:11::SCWBifWriter::proc[0] : ps7_cortexa9_0
TRACE::2020-06-19.12:42:11::SCWBifWriter::Device type is : zynq
TRACE::2020-06-19.12:42:11::SCWBifWriter::Writing BIF to file : /home/wask/workspace/vitis/simple_perceptron_sw_system/Debug/system.bif
TRACE::2020-06-19.12:42:11::SCWBifWriter::Writing the Zynq Baremetal bif 
TRACE::2020-06-19.12:44:13::SCWBifWriter::Found the complete platform /home/wask/workspace/vitis/simple_perceptron/export/simple_perceptron/simple_perceptron.xpfm
TRACE::2020-06-19.12:44:13::SCWBifWriter::hardware databse : design_1_wrapper_8
TRACE::2020-06-19.12:44:13::SCWBifWriter::bitstream found in the design
TRACE::2020-06-19.12:44:13::SCWBifWriter::Found a baremetal domain, proc: ps7_cortexa9_0
TRACE::2020-06-19.12:44:13::SCWBifWriter::proc type : 
TRACE::2020-06-19.12:44:13::SCWBifWriter::proc[0] : ps7_cortexa9_0
TRACE::2020-06-19.12:44:13::SCWBifWriter::Device type is : zynq
TRACE::2020-06-19.12:44:13::SCWBifWriter::Writing BIF to file : /home/wask/workspace/vitis/simple_perceptron_sw_system/Debug/system.bif
TRACE::2020-06-19.12:44:13::SCWBifWriter::Writing the Zynq Baremetal bif 
TRACE::2020-06-19.12:45:29::SCWBifWriter::Found the complete platform /home/wask/workspace/vitis/simple_perceptron/export/simple_perceptron/simple_perceptron.xpfm
TRACE::2020-06-19.12:45:29::SCWBifWriter::hardware databse : design_1_wrapper_8
TRACE::2020-06-19.12:45:29::SCWBifWriter::bitstream found in the design
TRACE::2020-06-19.12:45:29::SCWBifWriter::Found a baremetal domain, proc: ps7_cortexa9_0
TRACE::2020-06-19.12:45:29::SCWBifWriter::proc type : 
TRACE::2020-06-19.12:45:29::SCWBifWriter::proc[0] : ps7_cortexa9_0
TRACE::2020-06-19.12:45:29::SCWBifWriter::Device type is : zynq
TRACE::2020-06-19.12:45:29::SCWBifWriter::Writing BIF to file : /home/wask/workspace/vitis/simple_perceptron_sw_system/Debug/system.bif
TRACE::2020-06-19.12:45:29::SCWBifWriter::Writing the Zynq Baremetal bif 
TRACE::2020-06-19.13:27:43::SCWBifWriter::Found the complete platform /home/wask/workspace/vitis/simple_perceptron/export/simple_perceptron/simple_perceptron.xpfm
TRACE::2020-06-19.13:27:43::SCWBifWriter::hardware databse : design_1_wrapper_0
TRACE::2020-06-19.13:27:43::SCWBifWriter::bitstream found in the design
TRACE::2020-06-19.13:27:43::SCWBifWriter::Found a baremetal domain, proc: ps7_cortexa9_0
TRACE::2020-06-19.13:27:43::SCWBifWriter::proc type : 
TRACE::2020-06-19.13:27:43::SCWBifWriter::proc[0] : ps7_cortexa9_0
TRACE::2020-06-19.13:27:43::SCWBifWriter::Device type is : zynq
TRACE::2020-06-19.13:27:43::SCWBifWriter::Writing BIF to file : /home/wask/workspace/vitis/simple_perceptron_sw_system/Debug/system.bif
TRACE::2020-06-19.13:27:43::SCWBifWriter::Writing the Zynq Baremetal bif 
TRACE::2020-06-19.13:29:41::SCWBifWriter::Found the complete platform /home/wask/workspace/vitis/simple_perceptron/export/simple_perceptron/simple_perceptron.xpfm
TRACE::2020-06-19.13:29:41::SCWBifWriter::hardware databse : design_1_wrapper_0
TRACE::2020-06-19.13:29:41::SCWBifWriter::bitstream found in the design
TRACE::2020-06-19.13:29:41::SCWBifWriter::Found a baremetal domain, proc: ps7_cortexa9_0
TRACE::2020-06-19.13:29:41::SCWBifWriter::proc type : 
TRACE::2020-06-19.13:29:41::SCWBifWriter::proc[0] : ps7_cortexa9_0
TRACE::2020-06-19.13:29:41::SCWBifWriter::Device type is : zynq
TRACE::2020-06-19.13:29:41::SCWBifWriter::Writing BIF to file : /home/wask/workspace/vitis/simple_perceptron_sw_system/Debug/system.bif
TRACE::2020-06-19.13:29:41::SCWBifWriter::Writing the Zynq Baremetal bif 
TRACE::2020-06-19.14:44:46::SCWBifWriter::Found the complete platform /home/wask/workspace/vitis/simple_perceptron/export/simple_perceptron/simple_perceptron.xpfm
TRACE::2020-06-19.14:44:46::SCWBifWriter::hardware databse : design_1_wrapper_0
TRACE::2020-06-19.14:44:46::SCWBifWriter::bitstream found in the design
TRACE::2020-06-19.14:44:46::SCWBifWriter::Found a baremetal domain, proc: ps7_cortexa9_0
TRACE::2020-06-19.14:44:46::SCWBifWriter::proc type : 
TRACE::2020-06-19.14:44:46::SCWBifWriter::proc[0] : ps7_cortexa9_0
TRACE::2020-06-19.14:44:46::SCWBifWriter::Device type is : zynq
TRACE::2020-06-19.14:44:46::SCWBifWriter::Writing BIF to file : /home/wask/workspace/vitis/simple_perceptron_sw_system/Debug/system.bif
TRACE::2020-06-19.14:44:46::SCWBifWriter::Writing the Zynq Baremetal bif 
TRACE::2020-06-19.15:47:51::SCWBifWriter::Found the complete platform /home/wask/workspace/vitis/simple_perceptron/export/simple_perceptron/simple_perceptron.xpfm
TRACE::2020-06-19.15:47:51::SCWBifWriter::hardware databse : design_1_wrapper_1
TRACE::2020-06-19.15:47:51::SCWBifWriter::bitstream found in the design
TRACE::2020-06-19.15:47:51::SCWBifWriter::Found a baremetal domain, proc: ps7_cortexa9_0
TRACE::2020-06-19.15:47:51::SCWBifWriter::proc type : 
TRACE::2020-06-19.15:47:51::SCWBifWriter::proc[0] : ps7_cortexa9_0
TRACE::2020-06-19.15:47:51::SCWBifWriter::Device type is : zynq
TRACE::2020-06-19.15:47:51::SCWBifWriter::Writing BIF to file : /home/wask/workspace/vitis/simple_perceptron_sw_system/Debug/system.bif
TRACE::2020-06-19.15:47:51::SCWBifWriter::Writing the Zynq Baremetal bif 
TRACE::2020-06-19.15:49:33::SCWBifWriter::Found the complete platform /home/wask/workspace/vitis/simple_perceptron/export/simple_perceptron/simple_perceptron.xpfm
TRACE::2020-06-19.15:49:33::SCWBifWriter::hardware databse : design_1_wrapper_1
TRACE::2020-06-19.15:49:33::SCWBifWriter::bitstream found in the design
TRACE::2020-06-19.15:49:33::SCWBifWriter::Found a baremetal domain, proc: ps7_cortexa9_0
TRACE::2020-06-19.15:49:33::SCWBifWriter::proc type : 
TRACE::2020-06-19.15:49:33::SCWBifWriter::proc[0] : ps7_cortexa9_0
TRACE::2020-06-19.15:49:33::SCWBifWriter::Device type is : zynq
TRACE::2020-06-19.15:49:33::SCWBifWriter::Writing BIF to file : /home/wask/workspace/vitis/simple_perceptron_sw_system/Debug/system.bif
TRACE::2020-06-19.15:49:33::SCWBifWriter::Writing the Zynq Baremetal bif 
TRACE::2020-06-19.16:16:59::SCWBifWriter::Found the complete platform /home/wask/workspace/vitis/simple_perceptron/export/simple_perceptron/simple_perceptron.xpfm
TRACE::2020-06-19.16:16:59::SCWBifWriter::hardware databse : design_1_wrapper_0
TRACE::2020-06-19.16:16:59::SCWBifWriter::bitstream found in the design
TRACE::2020-06-19.16:16:59::SCWBifWriter::Found a baremetal domain, proc: ps7_cortexa9_0
TRACE::2020-06-19.16:16:59::SCWBifWriter::proc type : 
TRACE::2020-06-19.16:16:59::SCWBifWriter::proc[0] : ps7_cortexa9_0
TRACE::2020-06-19.16:16:59::SCWBifWriter::Device type is : zynq
TRACE::2020-06-19.16:16:59::SCWBifWriter::Writing BIF to file : /home/wask/workspace/vitis/simple_perceptron_sw_system/Debug/system.bif
TRACE::2020-06-19.16:16:59::SCWBifWriter::Writing the Zynq Baremetal bif 
TRACE::2020-06-19.16:33:30::SCWBifWriter::Found the complete platform /home/wask/workspace/vitis/simple_perceptron/export/simple_perceptron/simple_perceptron.xpfm
TRACE::2020-06-19.16:33:30::SCWBifWriter::hardware databse : design_1_wrapper_0
TRACE::2020-06-19.16:33:30::SCWBifWriter::bitstream found in the design
TRACE::2020-06-19.16:33:30::SCWBifWriter::Found a baremetal domain, proc: ps7_cortexa9_0
TRACE::2020-06-19.16:33:30::SCWBifWriter::proc type : 
TRACE::2020-06-19.16:33:30::SCWBifWriter::proc[0] : ps7_cortexa9_0
TRACE::2020-06-19.16:33:30::SCWBifWriter::Device type is : zynq
TRACE::2020-06-19.16:33:30::SCWBifWriter::Writing BIF to file : /home/wask/workspace/vitis/simple_perceptron_sw_system/Debug/system.bif
TRACE::2020-06-19.16:33:30::SCWBifWriter::Writing the Zynq Baremetal bif 
TRACE::2020-06-19.16:34:23::SCWBifWriter::Found the complete platform /home/wask/workspace/vitis/simple_perceptron/export/simple_perceptron/simple_perceptron.xpfm
TRACE::2020-06-19.16:34:23::SCWBifWriter::hardware databse : design_1_wrapper_0
TRACE::2020-06-19.16:34:23::SCWBifWriter::bitstream found in the design
TRACE::2020-06-19.16:34:23::SCWBifWriter::Found a baremetal domain, proc: ps7_cortexa9_0
TRACE::2020-06-19.16:34:23::SCWBifWriter::proc type : 
TRACE::2020-06-19.16:34:23::SCWBifWriter::proc[0] : ps7_cortexa9_0
TRACE::2020-06-19.16:34:23::SCWBifWriter::Device type is : zynq
TRACE::2020-06-19.16:34:23::SCWBifWriter::Writing BIF to file : /home/wask/workspace/vitis/simple_perceptron_sw_system/Debug/system.bif
TRACE::2020-06-19.16:34:23::SCWBifWriter::Writing the Zynq Baremetal bif 
TRACE::2020-06-19.16:54:14::SCWBifWriter::Found the complete platform /home/wask/workspace/vitis/simple_perceptron/export/simple_perceptron/simple_perceptron.xpfm
TRACE::2020-06-19.16:54:14::SCWBifWriter::hardware databse : design_1_wrapper_0
TRACE::2020-06-19.16:54:14::SCWBifWriter::bitstream found in the design
TRACE::2020-06-19.16:54:14::SCWBifWriter::Found a baremetal domain, proc: ps7_cortexa9_0
TRACE::2020-06-19.16:54:14::SCWBifWriter::proc type : 
TRACE::2020-06-19.16:54:14::SCWBifWriter::proc[0] : ps7_cortexa9_0
TRACE::2020-06-19.16:54:14::SCWBifWriter::Device type is : zynq
TRACE::2020-06-19.16:54:14::SCWBifWriter::Writing BIF to file : /home/wask/workspace/vitis/simple_perceptron_sw_system/Debug/system.bif
TRACE::2020-06-19.16:54:14::SCWBifWriter::Writing the Zynq Baremetal bif 
TRACE::2020-06-19.18:01:52::SCWBifWriter::Found the complete platform /home/wask/workspace/vitis/simple_perceptron/export/simple_perceptron/simple_perceptron.xpfm
TRACE::2020-06-19.18:01:52::SCWBifWriter::hardware databse : design_1_wrapper_0
TRACE::2020-06-19.18:01:52::SCWBifWriter::bitstream found in the design
TRACE::2020-06-19.18:01:52::SCWBifWriter::Found a baremetal domain, proc: ps7_cortexa9_0
TRACE::2020-06-19.18:01:52::SCWBifWriter::proc type : 
TRACE::2020-06-19.18:01:52::SCWBifWriter::proc[0] : ps7_cortexa9_0
TRACE::2020-06-19.18:01:52::SCWBifWriter::Device type is : zynq
TRACE::2020-06-19.18:01:52::SCWBifWriter::Writing BIF to file : /home/wask/workspace/vitis/simple_perceptron_sw_system/Debug/system.bif
TRACE::2020-06-19.18:01:52::SCWBifWriter::Writing the Zynq Baremetal bif 
TRACE::2020-06-19.18:02:56::SCWBifWriter::Found the complete platform /home/wask/workspace/vitis/simple_perceptron/export/simple_perceptron/simple_perceptron.xpfm
TRACE::2020-06-19.18:02:56::SCWBifWriter::hardware databse : design_1_wrapper_0
TRACE::2020-06-19.18:02:56::SCWBifWriter::bitstream found in the design
TRACE::2020-06-19.18:02:56::SCWBifWriter::Found a baremetal domain, proc: ps7_cortexa9_0
TRACE::2020-06-19.18:02:56::SCWBifWriter::proc type : 
TRACE::2020-06-19.18:02:56::SCWBifWriter::proc[0] : ps7_cortexa9_0
TRACE::2020-06-19.18:02:56::SCWBifWriter::Device type is : zynq
TRACE::2020-06-19.18:02:56::SCWBifWriter::Writing BIF to file : /home/wask/workspace/vitis/simple_perceptron_sw_system/Debug/system.bif
TRACE::2020-06-19.18:02:56::SCWBifWriter::Writing the Zynq Baremetal bif 
TRACE::2020-06-19.18:08:42::SCWBifWriter::Found the complete platform /home/wask/workspace/vitis/simple_perceptron/export/simple_perceptron/simple_perceptron.xpfm
TRACE::2020-06-19.18:08:43::SCWBifWriter::hardware databse : design_1_wrapper_0
TRACE::2020-06-19.18:08:43::SCWBifWriter::bitstream found in the design
TRACE::2020-06-19.18:08:43::SCWBifWriter::Found a baremetal domain, proc: ps7_cortexa9_0
TRACE::2020-06-19.18:08:43::SCWBifWriter::proc type : 
TRACE::2020-06-19.18:08:43::SCWBifWriter::proc[0] : ps7_cortexa9_0
TRACE::2020-06-19.18:08:43::SCWBifWriter::Device type is : zynq
TRACE::2020-06-19.18:08:43::SCWBifWriter::Writing BIF to file : /home/wask/workspace/vitis/simple_perceptron_sw_system/Debug/system.bif
TRACE::2020-06-19.18:08:43::SCWBifWriter::Writing the Zynq Baremetal bif 
TRACE::2020-06-19.18:11:14::SCWBifWriter::Found the complete platform /home/wask/workspace/vitis/simple_perceptron/export/simple_perceptron/simple_perceptron.xpfm
TRACE::2020-06-19.18:11:14::SCWBifWriter::hardware databse : design_1_wrapper_0
TRACE::2020-06-19.18:11:14::SCWBifWriter::bitstream found in the design
TRACE::2020-06-19.18:11:14::SCWBifWriter::Found a baremetal domain, proc: ps7_cortexa9_0
TRACE::2020-06-19.18:11:14::SCWBifWriter::proc type : 
TRACE::2020-06-19.18:11:14::SCWBifWriter::proc[0] : ps7_cortexa9_0
TRACE::2020-06-19.18:11:14::SCWBifWriter::Device type is : zynq
TRACE::2020-06-19.18:11:14::SCWBifWriter::Writing BIF to file : /home/wask/workspace/vitis/simple_perceptron_sw_system/Debug/system.bif
TRACE::2020-06-19.18:11:14::SCWBifWriter::Writing the Zynq Baremetal bif 
TRACE::2020-06-19.18:16:38::SCWBifWriter::Found the complete platform /home/wask/workspace/vitis/simple_perceptron/export/simple_perceptron/simple_perceptron.xpfm
TRACE::2020-06-19.18:16:38::SCWBifWriter::hardware databse : design_1_wrapper_0
TRACE::2020-06-19.18:16:38::SCWBifWriter::bitstream found in the design
TRACE::2020-06-19.18:16:38::SCWBifWriter::Found a baremetal domain, proc: ps7_cortexa9_0
TRACE::2020-06-19.18:16:38::SCWBifWriter::proc type : 
TRACE::2020-06-19.18:16:38::SCWBifWriter::proc[0] : ps7_cortexa9_0
TRACE::2020-06-19.18:16:38::SCWBifWriter::Device type is : zynq
TRACE::2020-06-19.18:16:38::SCWBifWriter::Writing BIF to file : /home/wask/workspace/vitis/simple_perceptron_sw_system/Debug/system.bif
TRACE::2020-06-19.18:16:38::SCWBifWriter::Writing the Zynq Baremetal bif 
TRACE::2020-06-19.18:22:14::SCWBifWriter::Found the complete platform /home/wask/workspace/vitis/simple_perceptron/export/simple_perceptron/simple_perceptron.xpfm
TRACE::2020-06-19.18:22:14::SCWBifWriter::hardware databse : design_1_wrapper_0
TRACE::2020-06-19.18:22:14::SCWBifWriter::bitstream found in the design
TRACE::2020-06-19.18:22:14::SCWBifWriter::Found a baremetal domain, proc: ps7_cortexa9_0
TRACE::2020-06-19.18:22:14::SCWBifWriter::proc type : 
TRACE::2020-06-19.18:22:14::SCWBifWriter::proc[0] : ps7_cortexa9_0
TRACE::2020-06-19.18:22:14::SCWBifWriter::Device type is : zynq
TRACE::2020-06-19.18:22:14::SCWBifWriter::Writing BIF to file : /home/wask/workspace/vitis/simple_perceptron_sw_system/Debug/system.bif
TRACE::2020-06-19.18:22:14::SCWBifWriter::Writing the Zynq Baremetal bif 
TRACE::2020-06-19.18:23:06::SCWBifWriter::Found the complete platform /home/wask/workspace/vitis/simple_perceptron/export/simple_perceptron/simple_perceptron.xpfm
TRACE::2020-06-19.18:23:06::SCWBifWriter::hardware databse : design_1_wrapper_0
TRACE::2020-06-19.18:23:06::SCWBifWriter::bitstream found in the design
TRACE::2020-06-19.18:23:06::SCWBifWriter::Found a baremetal domain, proc: ps7_cortexa9_0
TRACE::2020-06-19.18:23:06::SCWBifWriter::proc type : 
TRACE::2020-06-19.18:23:06::SCWBifWriter::proc[0] : ps7_cortexa9_0
TRACE::2020-06-19.18:23:06::SCWBifWriter::Device type is : zynq
TRACE::2020-06-19.18:23:06::SCWBifWriter::Writing BIF to file : /home/wask/workspace/vitis/simple_perceptron_sw_system/Debug/system.bif
TRACE::2020-06-19.18:23:06::SCWBifWriter::Writing the Zynq Baremetal bif 
TRACE::2020-06-19.18:26:14::SCWBifWriter::Found the complete platform /home/wask/workspace/vitis/simple_perceptron/export/simple_perceptron/simple_perceptron.xpfm
TRACE::2020-06-19.18:26:14::SCWBifWriter::hardware databse : design_1_wrapper_0
TRACE::2020-06-19.18:26:14::SCWBifWriter::bitstream found in the design
TRACE::2020-06-19.18:26:14::SCWBifWriter::Found a baremetal domain, proc: ps7_cortexa9_0
TRACE::2020-06-19.18:26:14::SCWBifWriter::proc type : 
TRACE::2020-06-19.18:26:14::SCWBifWriter::proc[0] : ps7_cortexa9_0
TRACE::2020-06-19.18:26:14::SCWBifWriter::Device type is : zynq
TRACE::2020-06-19.18:26:14::SCWBifWriter::Writing BIF to file : /home/wask/workspace/vitis/simple_perceptron_sw_system/Debug/system.bif
TRACE::2020-06-19.18:26:14::SCWBifWriter::Writing the Zynq Baremetal bif 
TRACE::2020-06-19.23:46:31::SCWBifWriter::Found the complete platform /home/wask/workspace/vitis/simple_perceptron/export/simple_perceptron/simple_perceptron.xpfm
TRACE::2020-06-19.23:46:31::SCWBifWriter::hardware databse : design_1_wrapper_0
TRACE::2020-06-19.23:46:31::SCWBifWriter::bitstream found in the design
TRACE::2020-06-19.23:46:31::SCWBifWriter::Found a baremetal domain, proc: ps7_cortexa9_0
TRACE::2020-06-19.23:46:31::SCWBifWriter::proc type : 
TRACE::2020-06-19.23:46:31::SCWBifWriter::proc[0] : ps7_cortexa9_0
TRACE::2020-06-19.23:46:31::SCWBifWriter::Device type is : zynq
TRACE::2020-06-19.23:46:31::SCWBifWriter::Writing BIF to file : /home/wask/workspace/vitis/simple_perceptron_sw_system/Debug/system.bif
TRACE::2020-06-19.23:46:31::SCWBifWriter::Writing the Zynq Baremetal bif 
TRACE::2020-06-20.00:58:03::SCWBifWriter::Found the complete platform /home/wask/workspace/vitis/simple_perceptron/export/simple_perceptron/simple_perceptron.xpfm
TRACE::2020-06-20.00:58:03::SCWBifWriter::hardware databse : design_1_wrapper_1
TRACE::2020-06-20.00:58:03::SCWBifWriter::bitstream found in the design
TRACE::2020-06-20.00:58:03::SCWBifWriter::Found a baremetal domain, proc: ps7_cortexa9_0
TRACE::2020-06-20.00:58:03::SCWBifWriter::proc type : 
TRACE::2020-06-20.00:58:03::SCWBifWriter::proc[0] : ps7_cortexa9_0
TRACE::2020-06-20.00:58:03::SCWBifWriter::Device type is : zynq
TRACE::2020-06-20.00:58:03::SCWBifWriter::Writing BIF to file : /home/wask/workspace/vitis/simple_perceptron_sw_system/Debug/system.bif
TRACE::2020-06-20.00:58:03::SCWBifWriter::Writing the Zynq Baremetal bif 
TRACE::2020-06-20.00:59:57::SCWBifWriter::Found the complete platform /home/wask/workspace/vitis/simple_perceptron/export/simple_perceptron/simple_perceptron.xpfm
TRACE::2020-06-20.00:59:57::SCWBifWriter::hardware databse : design_1_wrapper_1
TRACE::2020-06-20.00:59:57::SCWBifWriter::bitstream found in the design
TRACE::2020-06-20.00:59:57::SCWBifWriter::Found a baremetal domain, proc: ps7_cortexa9_0
TRACE::2020-06-20.00:59:57::SCWBifWriter::proc type : 
TRACE::2020-06-20.00:59:57::SCWBifWriter::proc[0] : ps7_cortexa9_0
TRACE::2020-06-20.00:59:57::SCWBifWriter::Device type is : zynq
TRACE::2020-06-20.00:59:57::SCWBifWriter::Writing BIF to file : /home/wask/workspace/vitis/simple_perceptron_sw_system/Debug/system.bif
TRACE::2020-06-20.00:59:57::SCWBifWriter::Writing the Zynq Baremetal bif 
TRACE::2020-06-20.16:33:29::SCWBifWriter::Found the complete platform /home/wask/workspace/vitis/simple_perceptron/export/simple_perceptron/simple_perceptron.xpfm
TRACE::2020-06-20.16:33:29::SCWBifWriter::hardware databse : design_1_wrapper_1
TRACE::2020-06-20.16:33:29::SCWBifWriter::bitstream found in the design
TRACE::2020-06-20.16:33:29::SCWBifWriter::Found a baremetal domain, proc: ps7_cortexa9_0
TRACE::2020-06-20.16:33:29::SCWBifWriter::proc type : 
TRACE::2020-06-20.16:33:29::SCWBifWriter::proc[0] : ps7_cortexa9_0
TRACE::2020-06-20.16:33:29::SCWBifWriter::Device type is : zynq
TRACE::2020-06-20.16:33:29::SCWBifWriter::Writing BIF to file : /home/wask/workspace/vitis/simple_perceptron_sw_system/Debug/system.bif
TRACE::2020-06-20.16:33:29::SCWBifWriter::Writing the Zynq Baremetal bif 
TRACE::2020-06-20.16:36:38::SCWBifWriter::Found the complete platform /home/wask/workspace/vitis/simple_perceptron/export/simple_perceptron/simple_perceptron.xpfm
TRACE::2020-06-20.16:36:38::SCWBifWriter::hardware databse : design_1_wrapper_1
TRACE::2020-06-20.16:36:38::SCWBifWriter::bitstream found in the design
TRACE::2020-06-20.16:36:38::SCWBifWriter::Found a baremetal domain, proc: ps7_cortexa9_0
TRACE::2020-06-20.16:36:38::SCWBifWriter::proc type : 
TRACE::2020-06-20.16:36:38::SCWBifWriter::proc[0] : ps7_cortexa9_0
TRACE::2020-06-20.16:36:38::SCWBifWriter::Device type is : zynq
TRACE::2020-06-20.16:36:38::SCWBifWriter::Writing BIF to file : /home/wask/workspace/vitis/simple_perceptron_sw_system/Debug/system.bif
TRACE::2020-06-20.16:36:38::SCWBifWriter::Writing the Zynq Baremetal bif 
TRACE::2020-06-20.18:48:02::SCWBifWriter::Found the complete platform /home/wask/workspace/vitis/simple_perceptron/export/simple_perceptron/simple_perceptron.xpfm
TRACE::2020-06-20.18:48:02::SCWBifWriter::hardware databse : design_1_wrapper_1
TRACE::2020-06-20.18:48:02::SCWBifWriter::bitstream found in the design
TRACE::2020-06-20.18:48:02::SCWBifWriter::Found a baremetal domain, proc: ps7_cortexa9_0
TRACE::2020-06-20.18:48:02::SCWBifWriter::proc type : 
TRACE::2020-06-20.18:48:02::SCWBifWriter::proc[0] : ps7_cortexa9_0
TRACE::2020-06-20.18:48:02::SCWBifWriter::Device type is : zynq
TRACE::2020-06-20.18:48:02::SCWBifWriter::Writing BIF to file : /home/wask/workspace/vitis/simple_perceptron_sw_system/Debug/system.bif
TRACE::2020-06-20.18:48:02::SCWBifWriter::Writing the Zynq Baremetal bif 
TRACE::2020-06-20.21:09:20::SCWBifWriter::Found the complete platform /home/wask/workspace/vitis/simple_perceptron/export/simple_perceptron/simple_perceptron.xpfm
TRACE::2020-06-20.21:09:20::SCWBifWriter::hardware databse : design_1_wrapper_1
TRACE::2020-06-20.21:09:20::SCWBifWriter::bitstream found in the design
TRACE::2020-06-20.21:09:20::SCWBifWriter::Found a baremetal domain, proc: ps7_cortexa9_0
TRACE::2020-06-20.21:09:20::SCWBifWriter::proc type : 
TRACE::2020-06-20.21:09:20::SCWBifWriter::proc[0] : ps7_cortexa9_0
TRACE::2020-06-20.21:09:20::SCWBifWriter::Device type is : zynq
TRACE::2020-06-20.21:09:20::SCWBifWriter::Writing BIF to file : /home/wask/workspace/vitis/simple_perceptron_sw_system/Debug/system.bif
TRACE::2020-06-20.21:09:20::SCWBifWriter::Writing the Zynq Baremetal bif 
TRACE::2020-06-20.21:10:33::SCWBifWriter::Found the complete platform /home/wask/workspace/vitis/simple_perceptron/export/simple_perceptron/simple_perceptron.xpfm
TRACE::2020-06-20.21:10:34::SCWBifWriter::hardware databse : design_1_wrapper_1
TRACE::2020-06-20.21:10:34::SCWBifWriter::bitstream found in the design
TRACE::2020-06-20.21:10:34::SCWBifWriter::Found a baremetal domain, proc: ps7_cortexa9_0
TRACE::2020-06-20.21:10:34::SCWBifWriter::proc type : 
TRACE::2020-06-20.21:10:34::SCWBifWriter::proc[0] : ps7_cortexa9_0
TRACE::2020-06-20.21:10:34::SCWBifWriter::Device type is : zynq
TRACE::2020-06-20.21:10:34::SCWBifWriter::Writing BIF to file : /home/wask/workspace/vitis/simple_perceptron_sw_system/Debug/system.bif
TRACE::2020-06-20.21:10:34::SCWBifWriter::Writing the Zynq Baremetal bif 
TRACE::2020-06-20.21:11:35::SCWBifWriter::Found the complete platform /home/wask/workspace/vitis/simple_perceptron/export/simple_perceptron/simple_perceptron.xpfm
TRACE::2020-06-20.21:11:35::SCWBifWriter::hardware databse : design_1_wrapper_1
TRACE::2020-06-20.21:11:35::SCWBifWriter::bitstream found in the design
TRACE::2020-06-20.21:11:35::SCWBifWriter::Found a baremetal domain, proc: ps7_cortexa9_0
TRACE::2020-06-20.21:11:35::SCWBifWriter::proc type : 
TRACE::2020-06-20.21:11:35::SCWBifWriter::proc[0] : ps7_cortexa9_0
TRACE::2020-06-20.21:11:35::SCWBifWriter::Device type is : zynq
TRACE::2020-06-20.21:11:35::SCWBifWriter::Writing BIF to file : /home/wask/workspace/vitis/simple_perceptron_sw_system/Debug/system.bif
TRACE::2020-06-20.21:11:35::SCWBifWriter::Writing the Zynq Baremetal bif 
TRACE::2020-06-20.21:13:00::SCWBifWriter::Found the complete platform /home/wask/workspace/vitis/simple_perceptron/export/simple_perceptron/simple_perceptron.xpfm
TRACE::2020-06-20.21:13:00::SCWBifWriter::hardware databse : design_1_wrapper_1
TRACE::2020-06-20.21:13:00::SCWBifWriter::bitstream found in the design
TRACE::2020-06-20.21:13:00::SCWBifWriter::Found a baremetal domain, proc: ps7_cortexa9_0
TRACE::2020-06-20.21:13:00::SCWBifWriter::proc type : 
TRACE::2020-06-20.21:13:00::SCWBifWriter::proc[0] : ps7_cortexa9_0
TRACE::2020-06-20.21:13:00::SCWBifWriter::Device type is : zynq
TRACE::2020-06-20.21:13:00::SCWBifWriter::Writing BIF to file : /home/wask/workspace/vitis/simple_perceptron_sw_system/Debug/system.bif
TRACE::2020-06-20.21:13:00::SCWBifWriter::Writing the Zynq Baremetal bif 
TRACE::2020-06-21.00:28:33::SCWBifWriter::Found the complete platform /home/wask/workspace/vitis/simple_perceptron/export/simple_perceptron/simple_perceptron.xpfm
TRACE::2020-06-21.00:28:33::SCWBifWriter::hardware databse : design_1_wrapper
TRACE::2020-06-21.00:28:33::SCWBifWriter::bitstream found in the design
TRACE::2020-06-21.00:28:33::SCWBifWriter::Found a baremetal domain, proc: ps7_cortexa9_0
TRACE::2020-06-21.00:28:33::SCWBifWriter::proc type : 
TRACE::2020-06-21.00:28:33::SCWBifWriter::proc[0] : ps7_cortexa9_0
TRACE::2020-06-21.00:28:33::SCWBifWriter::Device type is : zynq
TRACE::2020-06-21.00:28:33::SCWBifWriter::Writing BIF to file : /home/wask/workspace/vitis/simple_perceptron_sw_system/Debug/system.bif
TRACE::2020-06-21.00:28:33::SCWBifWriter::Writing the Zynq Baremetal bif 
TRACE::2020-06-21.01:51:30::SCWBifWriter::Found the complete platform /home/wask/workspace/vitis/simple_perceptron/export/simple_perceptron/simple_perceptron.xpfm
TRACE::2020-06-21.01:51:30::SCWBifWriter::hardware databse : design_1_wrapper_4
TRACE::2020-06-21.01:51:30::SCWBifWriter::bitstream found in the design
TRACE::2020-06-21.01:51:30::SCWBifWriter::Found a baremetal domain, proc: ps7_cortexa9_0
TRACE::2020-06-21.01:51:30::SCWBifWriter::proc type : 
TRACE::2020-06-21.01:51:30::SCWBifWriter::proc[0] : ps7_cortexa9_0
TRACE::2020-06-21.01:51:30::SCWBifWriter::Device type is : zynq
TRACE::2020-06-21.01:51:30::SCWBifWriter::Writing BIF to file : /home/wask/workspace/vitis/simple_perceptron_sw_system/Debug/system.bif
TRACE::2020-06-21.01:51:30::SCWBifWriter::Writing the Zynq Baremetal bif 
TRACE::2020-06-21.11:27:41::SCWBifWriter::Found the complete platform /home/wask/workspace/vitis/simple_perceptron/export/simple_perceptron/simple_perceptron.xpfm
TRACE::2020-06-21.11:27:41::SCWBifWriter::hardware databse : design_1_wrapper_0
TRACE::2020-06-21.11:27:41::SCWBifWriter::bitstream found in the design
TRACE::2020-06-21.11:27:41::SCWBifWriter::Found a baremetal domain, proc: ps7_cortexa9_0
TRACE::2020-06-21.11:27:41::SCWBifWriter::proc type : 
TRACE::2020-06-21.11:27:41::SCWBifWriter::proc[0] : ps7_cortexa9_0
TRACE::2020-06-21.11:27:41::SCWBifWriter::Device type is : zynq
TRACE::2020-06-21.11:27:41::SCWBifWriter::Writing BIF to file : /home/wask/workspace/vitis/simple_perceptron_sw_system/Debug/system.bif
TRACE::2020-06-21.11:27:41::SCWBifWriter::Writing the Zynq Baremetal bif 
TRACE::2020-06-21.13:52:03::SCWBifWriter::Found the complete platform /home/wask/workspace/vitis/simple_perceptron/export/simple_perceptron/simple_perceptron.xpfm
TRACE::2020-06-21.13:52:03::SCWBifWriter::hardware databse : design_1_wrapper_0
TRACE::2020-06-21.13:52:03::SCWBifWriter::bitstream found in the design
TRACE::2020-06-21.13:52:03::SCWBifWriter::Found a baremetal domain, proc: ps7_cortexa9_0
TRACE::2020-06-21.13:52:03::SCWBifWriter::proc type : 
TRACE::2020-06-21.13:52:03::SCWBifWriter::proc[0] : ps7_cortexa9_0
TRACE::2020-06-21.13:52:03::SCWBifWriter::Device type is : zynq
TRACE::2020-06-21.13:52:03::SCWBifWriter::Writing BIF to file : /home/wask/workspace/vitis/simple_perceptron_sw_system/Debug/system.bif
TRACE::2020-06-21.13:52:03::SCWBifWriter::Writing the Zynq Baremetal bif 
TRACE::2020-06-21.19:03:44::SCWBifWriter::Found the complete platform /home/wask/workspace/vitis/simple_perceptron/export/simple_perceptron/simple_perceptron.xpfm
TRACE::2020-06-21.19:03:44::SCWBifWriter::hardware databse : design_1_wrapper_4
TRACE::2020-06-21.19:03:44::SCWBifWriter::bitstream found in the design
TRACE::2020-06-21.19:03:44::SCWBifWriter::Found a baremetal domain, proc: ps7_cortexa9_0
TRACE::2020-06-21.19:03:44::SCWBifWriter::proc type : 
TRACE::2020-06-21.19:03:44::SCWBifWriter::proc[0] : ps7_cortexa9_0
TRACE::2020-06-21.19:03:44::SCWBifWriter::Device type is : zynq
TRACE::2020-06-21.19:03:44::SCWBifWriter::Writing BIF to file : /home/wask/workspace/vitis/simple_perceptron_sw_system/Debug/system.bif
TRACE::2020-06-21.19:03:44::SCWBifWriter::Writing the Zynq Baremetal bif 
TRACE::2020-06-21.19:26:10::SCWBifWriter::Found the complete platform /home/wask/workspace/vitis/simple_perceptron/export/simple_perceptron/simple_perceptron.xpfm
TRACE::2020-06-21.19:26:10::SCWBifWriter::hardware databse : design_1_wrapper_0
TRACE::2020-06-21.19:26:10::SCWBifWriter::bitstream found in the design
TRACE::2020-06-21.19:26:10::SCWBifWriter::Found a baremetal domain, proc: ps7_cortexa9_0
TRACE::2020-06-21.19:26:10::SCWBifWriter::proc type : 
TRACE::2020-06-21.19:26:10::SCWBifWriter::proc[0] : ps7_cortexa9_0
TRACE::2020-06-21.19:26:10::SCWBifWriter::Device type is : zynq
TRACE::2020-06-21.19:26:10::SCWBifWriter::Writing BIF to file : /home/wask/workspace/vitis/simple_perceptron_sw_system/Debug/system.bif
TRACE::2020-06-21.19:26:10::SCWBifWriter::Writing the Zynq Baremetal bif 
TRACE::2020-06-22.19:46:41::SCWBifWriter::Found the complete platform /home/wask/workspace/vitis/simple_perceptron/export/simple_perceptron/simple_perceptron.xpfm
TRACE::2020-06-22.19:46:41::SCWBifWriter::hardware databse : design_1_wrapper_0
TRACE::2020-06-22.19:46:41::SCWBifWriter::bitstream found in the design
TRACE::2020-06-22.19:46:41::SCWBifWriter::Found a baremetal domain, proc: ps7_cortexa9_0
TRACE::2020-06-22.19:46:41::SCWBifWriter::proc type : 
TRACE::2020-06-22.19:46:41::SCWBifWriter::proc[0] : ps7_cortexa9_0
TRACE::2020-06-22.19:46:41::SCWBifWriter::Device type is : zynq
TRACE::2020-06-22.19:46:41::SCWBifWriter::Writing BIF to file : /home/wask/workspace/vitis/simple_perceptron_sw_system/Debug/system.bif
TRACE::2020-06-22.19:46:41::SCWBifWriter::Writing the Zynq Baremetal bif 
TRACE::2020-06-22.19:49:07::SCWBifWriter::Found the complete platform /home/wask/workspace/vitis/simple_perceptron/export/simple_perceptron/simple_perceptron.xpfm
TRACE::2020-06-22.19:49:07::SCWBifWriter::hardware databse : design_1_wrapper_2
TRACE::2020-06-22.19:49:07::SCWBifWriter::bitstream found in the design
TRACE::2020-06-22.19:49:07::SCWBifWriter::Found a baremetal domain, proc: ps7_cortexa9_0
TRACE::2020-06-22.19:49:07::SCWBifWriter::proc type : 
TRACE::2020-06-22.19:49:07::SCWBifWriter::proc[0] : ps7_cortexa9_0
TRACE::2020-06-22.19:49:07::SCWBifWriter::Device type is : zynq
TRACE::2020-06-22.19:49:07::SCWBifWriter::Writing BIF to file : /home/wask/workspace/vitis/simple_perceptron_sw_system/Debug/system.bif
TRACE::2020-06-22.19:49:07::SCWBifWriter::Writing the Zynq Baremetal bif 
TRACE::2020-06-22.19:50:46::SCWBifWriter::Found the complete platform /home/wask/workspace/vitis/simple_perceptron/export/simple_perceptron/simple_perceptron.xpfm
TRACE::2020-06-22.19:50:46::SCWBifWriter::hardware databse : design_1_wrapper_3
TRACE::2020-06-22.19:50:46::SCWBifWriter::bitstream found in the design
TRACE::2020-06-22.19:50:46::SCWBifWriter::Found a baremetal domain, proc: ps7_cortexa9_0
TRACE::2020-06-22.19:50:46::SCWBifWriter::proc type : 
TRACE::2020-06-22.19:50:46::SCWBifWriter::proc[0] : ps7_cortexa9_0
TRACE::2020-06-22.19:50:46::SCWBifWriter::Device type is : zynq
TRACE::2020-06-22.19:50:46::SCWBifWriter::Writing BIF to file : /home/wask/workspace/vitis/simple_perceptron_sw_system/Debug/system.bif
TRACE::2020-06-22.19:50:46::SCWBifWriter::Writing the Zynq Baremetal bif 
TRACE::2020-06-22.20:00:29::SCWBifWriter::Found the complete platform /home/wask/workspace/vitis/simple_perceptron/export/simple_perceptron/simple_perceptron.xpfm
TRACE::2020-06-22.20:00:29::SCWBifWriter::hardware databse : design_1_wrapper_9
TRACE::2020-06-22.20:00:29::SCWBifWriter::bitstream found in the design
TRACE::2020-06-22.20:00:29::SCWBifWriter::Found a baremetal domain, proc: ps7_cortexa9_0
TRACE::2020-06-22.20:00:29::SCWBifWriter::proc type : 
TRACE::2020-06-22.20:00:29::SCWBifWriter::proc[0] : ps7_cortexa9_0
TRACE::2020-06-22.20:00:29::SCWBifWriter::Device type is : zynq
TRACE::2020-06-22.20:00:29::SCWBifWriter::Writing BIF to file : /home/wask/workspace/vitis/simple_perceptron_sw_system/Debug/system.bif
TRACE::2020-06-22.20:00:29::SCWBifWriter::Writing the Zynq Baremetal bif 
TRACE::2020-06-22.20:02:10::SCWBifWriter::Found the complete platform /home/wask/workspace/vitis/simple_perceptron/export/simple_perceptron/simple_perceptron.xpfm
TRACE::2020-06-22.20:02:10::SCWBifWriter::hardware databse : design_1_wrapper_9
TRACE::2020-06-22.20:02:10::SCWBifWriter::bitstream found in the design
TRACE::2020-06-22.20:02:10::SCWBifWriter::Found a baremetal domain, proc: ps7_cortexa9_0
TRACE::2020-06-22.20:02:10::SCWBifWriter::proc type : 
TRACE::2020-06-22.20:02:10::SCWBifWriter::proc[0] : ps7_cortexa9_0
TRACE::2020-06-22.20:02:10::SCWBifWriter::Device type is : zynq
TRACE::2020-06-22.20:02:10::SCWBifWriter::Writing BIF to file : /home/wask/workspace/vitis/simple_perceptron_sw_system/Debug/system.bif
TRACE::2020-06-22.20:02:10::SCWBifWriter::Writing the Zynq Baremetal bif 
TRACE::2020-06-23.23:32:01::SCWBifWriter::Found the complete platform /home/wask/workspace/vitis/simple_perceptron/export/simple_perceptron/simple_perceptron.xpfm
TRACE::2020-06-23.23:32:01::SCWBifWriter::hardware databse : design_1_wrapper_9
TRACE::2020-06-23.23:32:01::SCWBifWriter::bitstream found in the design
TRACE::2020-06-23.23:32:01::SCWBifWriter::Found a baremetal domain, proc: ps7_cortexa9_0
TRACE::2020-06-23.23:32:01::SCWBifWriter::proc type : 
TRACE::2020-06-23.23:32:01::SCWBifWriter::proc[0] : ps7_cortexa9_0
TRACE::2020-06-23.23:32:01::SCWBifWriter::Device type is : zynq
TRACE::2020-06-23.23:32:01::SCWBifWriter::Writing BIF to file : /home/wask/workspace/vitis/simple_perceptron_sw_system/Debug/system.bif
TRACE::2020-06-23.23:32:01::SCWBifWriter::Writing the Zynq Baremetal bif 
TRACE::2020-06-23.23:33:17::SCWBifWriter::Found the complete platform /home/wask/workspace/vitis/simple_perceptron/export/simple_perceptron/simple_perceptron.xpfm
TRACE::2020-06-23.23:33:17::SCWBifWriter::hardware databse : design_1_wrapper_9
TRACE::2020-06-23.23:33:17::SCWBifWriter::bitstream found in the design
TRACE::2020-06-23.23:33:17::SCWBifWriter::Found a baremetal domain, proc: ps7_cortexa9_0
TRACE::2020-06-23.23:33:17::SCWBifWriter::proc type : 
TRACE::2020-06-23.23:33:17::SCWBifWriter::proc[0] : ps7_cortexa9_0
TRACE::2020-06-23.23:33:17::SCWBifWriter::Device type is : zynq
TRACE::2020-06-23.23:33:17::SCWBifWriter::Writing BIF to file : /home/wask/workspace/vitis/simple_perceptron_sw_system/Debug/system.bif
TRACE::2020-06-23.23:33:17::SCWBifWriter::Writing the Zynq Baremetal bif 
