#-----------------------------------------------------------
# Vivado v2019.2 (64-bit)
# SW Build 2708876 on Wed Nov  6 21:39:14 MST 2019
# IP Build 2700528 on Thu Nov  7 00:09:20 MST 2019
# Start of session at: Fri May  1 14:09:25 2020
# Process ID: 4353
# Current directory: /home/wask/workspace/mgr/hls_perceptron/vivado/simple_perceptron
# Command line: vivado
# Log file: /home/wask/workspace/mgr/hls_perceptron/vivado/simple_perceptron/vivado.log
# Journal file: /home/wask/workspace/mgr/hls_perceptron/vivado/simple_perceptron/vivado.jou
#-----------------------------------------------------------
start_gui
open_project /home/wask/workspace/mgr/hls_perceptron/vivado/simple_perceptron/simple_perceptron.xpr
Scanning sources...
Finished scanning sources
INFO: [IP_Flow 19-234] Refreshing IP repositories
INFO: [IP_Flow 19-1700] Loaded user IP repository '/home/wask/workspace/mgr/hls_perceptron/hls/simple_perceptron/solution1'.
INFO: [IP_Flow 19-2313] Loaded Vivado IP repository '/opt/Xilinx/Vivado/2019.2/data/ip'.
open_project: Time (s): cpu = 00:00:18 ; elapsed = 00:00:07 . Memory (MB): peak = 6692.312 ; gain = 209.445 ; free physical = 27438 ; free virtual = 32167
update_compile_order -fileset sources_1
