#-----------------------------------------------------------
# Vivado v2019.2 (64-bit)
# SW Build 2708876 on Wed Nov  6 21:39:14 MST 2019
# IP Build 2700528 on Thu Nov  7 00:09:20 MST 2019
# Start of session at: Sun Apr 26 14:32:56 2020
# Process ID: 20285
# Current directory: /home/wask/workspace/hls/lab_6_bram/simple_perceptron/solution1/.autopilot/db/ip_tmp
# Command line: vivado  -notrace -mode batch -source run_vivado_gen_ip.tcl
# Log file: /home/wask/workspace/hls/lab_6_bram/simple_perceptron/solution1/.autopilot/db/ip_tmp/vivado.log
# Journal file: /home/wask/workspace/hls/lab_6_bram/simple_perceptron/solution1/.autopilot/db/ip_tmp/vivado.jou
#-----------------------------------------------------------
source run_vivado_gen_ip.tcl -notrace
INFO: [IP_Flow 19-234] Refreshing IP repositories
INFO: [IP_Flow 19-1704] No user IP repositories specified
INFO: [IP_Flow 19-2313] Loaded Vivado IP repository '/opt/Xilinx/Vivado/2019.2/data/ip'.
WARNING: [IP_Flow 19-4832] The IP name 'calcPerceptron_ap_fpext_0_no_dsp_32' you have specified is long. The Windows operating system has path length limitations. It is recommended you use shorter names to reduce the likelihood of issues.
INFO: [IP_Flow 19-1686] Generating 'Synthesis' target for IP 'calcPerceptron_ap_fpext_0_no_dsp_32'...
INFO: [IP_Flow 19-1686] Generating 'Simulation' target for IP 'calcPerceptron_ap_fpext_0_no_dsp_32'...
WARNING: [IP_Flow 19-4832] The IP name 'calcPerceptron_ap_dadd_3_full_dsp_64' you have specified is long. The Windows operating system has path length limitations. It is recommended you use shorter names to reduce the likelihood of issues.
INFO: [IP_Flow 19-1686] Generating 'Synthesis' target for IP 'calcPerceptron_ap_dadd_3_full_dsp_64'...
INFO: [IP_Flow 19-1686] Generating 'Simulation' target for IP 'calcPerceptron_ap_dadd_3_full_dsp_64'...
WARNING: [IP_Flow 19-4832] The IP name 'calcPerceptron_ap_dmul_4_max_dsp_64' you have specified is long. The Windows operating system has path length limitations. It is recommended you use shorter names to reduce the likelihood of issues.
INFO: [IP_Flow 19-1686] Generating 'Synthesis' target for IP 'calcPerceptron_ap_dmul_4_max_dsp_64'...
INFO: [IP_Flow 19-1686] Generating 'Simulation' target for IP 'calcPerceptron_ap_dmul_4_max_dsp_64'...
WARNING: [IP_Flow 19-4832] The IP name 'calcPerceptron_ap_fexp_7_full_dsp_32' you have specified is long. The Windows operating system has path length limitations. It is recommended you use shorter names to reduce the likelihood of issues.
INFO: [IP_Flow 19-1686] Generating 'Synthesis' target for IP 'calcPerceptron_ap_fexp_7_full_dsp_32'...
INFO: [IP_Flow 19-1686] Generating 'Simulation' target for IP 'calcPerceptron_ap_fexp_7_full_dsp_32'...
WARNING: [IP_Flow 19-4832] The IP name 'calcPerceptron_ap_fadd_3_full_dsp_32' you have specified is long. The Windows operating system has path length limitations. It is recommended you use shorter names to reduce the likelihood of issues.
INFO: [IP_Flow 19-1686] Generating 'Synthesis' target for IP 'calcPerceptron_ap_fadd_3_full_dsp_32'...
INFO: [IP_Flow 19-1686] Generating 'Simulation' target for IP 'calcPerceptron_ap_fadd_3_full_dsp_32'...
WARNING: [IP_Flow 19-4832] The IP name 'calcPerceptron_ap_frecip_8_full_dsp_32' you have specified is long. The Windows operating system has path length limitations. It is recommended you use shorter names to reduce the likelihood of issues.
INFO: [IP_Flow 19-1686] Generating 'Synthesis' target for IP 'calcPerceptron_ap_frecip_8_full_dsp_32'...
INFO: [IP_Flow 19-1686] Generating 'Simulation' target for IP 'calcPerceptron_ap_frecip_8_full_dsp_32'...
WARNING: [IP_Flow 19-4832] The IP name 'calcPerceptron_ap_fptrunc_0_no_dsp_64' you have specified is long. The Windows operating system has path length limitations. It is recommended you use shorter names to reduce the likelihood of issues.
INFO: [IP_Flow 19-1686] Generating 'Synthesis' target for IP 'calcPerceptron_ap_fptrunc_0_no_dsp_64'...
INFO: [IP_Flow 19-1686] Generating 'Simulation' target for IP 'calcPerceptron_ap_fptrunc_0_no_dsp_64'...
INFO: [Common 17-206] Exiting Vivado at Sun Apr 26 14:33:23 2020...
