#-----------------------------------------------------------
# Vivado v2019.2 (64-bit)
# SW Build 2708876 on Wed Nov  6 21:39:14 MST 2019
# IP Build 2700528 on Thu Nov  7 00:09:20 MST 2019
# Start of session at: Sun Apr 26 19:48:19 2020
# Process ID: 15089
# Current directory: /home/wask/workspace/mgr/hls_perceptron/hls/simple_perceptron/solution1/impl/ip
# Command line: vivado -notrace -mode batch -source run_ippack.tcl
# Log file: /home/wask/workspace/mgr/hls_perceptron/hls/simple_perceptron/solution1/impl/ip/vivado.log
# Journal file: /home/wask/workspace/mgr/hls_perceptron/hls/simple_perceptron/solution1/impl/ip/vivado.jou
#-----------------------------------------------------------
source run_ippack.tcl -notrace
INFO: [IP_Flow 19-234] Refreshing IP repositories
INFO: [IP_Flow 19-1704] No user IP repositories specified
INFO: [IP_Flow 19-2313] Loaded Vivado IP repository '/opt/Xilinx/Vivado/2019.2/data/ip'.
WARNING: [IP_Flow 19-4832] The IP name 'calcPerceptron_ap_fadd_3_full_dsp_32' you have specified is long. The Windows operating system has path length limitations. It is recommended you use shorter names to reduce the likelihood of issues.
INFO: [IP_Flow 19-1686] Generating 'Synthesis' target for IP 'calcPerceptron_ap_fadd_3_full_dsp_32'...
INFO: [IP_Flow 19-1686] Generating 'Simulation' target for IP 'calcPerceptron_ap_fadd_3_full_dsp_32'...
WARNING: [IP_Flow 19-4832] The IP name 'calcPerceptron_ap_fexp_7_full_dsp_32' you have specified is long. The Windows operating system has path length limitations. It is recommended you use shorter names to reduce the likelihood of issues.
INFO: [IP_Flow 19-1686] Generating 'Synthesis' target for IP 'calcPerceptron_ap_fexp_7_full_dsp_32'...
INFO: [IP_Flow 19-1686] Generating 'Simulation' target for IP 'calcPerceptron_ap_fexp_7_full_dsp_32'...
WARNING: [IP_Flow 19-4832] The IP name 'calcPerceptron_ap_fmul_2_max_dsp_32' you have specified is long. The Windows operating system has path length limitations. It is recommended you use shorter names to reduce the likelihood of issues.
INFO: [IP_Flow 19-1686] Generating 'Synthesis' target for IP 'calcPerceptron_ap_fmul_2_max_dsp_32'...
INFO: [IP_Flow 19-1686] Generating 'Simulation' target for IP 'calcPerceptron_ap_fmul_2_max_dsp_32'...
WARNING: [IP_Flow 19-4832] The IP name 'calcPerceptron_ap_frecip_8_full_dsp_32' you have specified is long. The Windows operating system has path length limitations. It is recommended you use shorter names to reduce the likelihood of issues.
INFO: [IP_Flow 19-1686] Generating 'Synthesis' target for IP 'calcPerceptron_ap_frecip_8_full_dsp_32'...
INFO: [IP_Flow 19-1686] Generating 'Simulation' target for IP 'calcPerceptron_ap_frecip_8_full_dsp_32'...
INFO: [IP_Flow 19-234] Refreshing IP repositories
INFO: [IP_Flow 19-1704] No user IP repositories specified
INFO: [IP_Flow 19-2313] Loaded Vivado IP repository '/opt/Xilinx/Vivado/2019.2/data/ip'.
INFO: [Common 17-206] Exiting Vivado at Sun Apr 26 19:48:38 2020...
